p cnf 180 8556
1 2 3 4 5 6 7 8 9 10 11 12 13 14 15 16 17 18 19 20 21 22 23 24 25 26 27 28 29 30 0
31 32 33 34 35 36 37 38 39 40 41 42 43 44 45 46 47 48 49 50 51 52 53 54 55 56 57 58 59 60 0
61 62 63 64 65 66 67 68 69 70 71 72 73 74 75 76 77 78 79 80 81 82 83 84 85 86 87 88 89 90 0
91 92 93 94 95 96 97 98 99 100 101 102 103 104 105 106 107 108 109 110 111 112 113 114 115 116 117 118 119 120 0
121 122 123 124 125 126 127 128 129 130 131 132 133 134 135 136 137 138 139 140 141 142 143 144 145 146 147 148 149 150 0
151 152 153 154 155 156 157 158 159 160 161 162 163 164 165 166 167 168 169 170 171 172 173 174 175 176 177 178 179 180 0
-1 -31 0
-1 -61 0
-1 -91 0
-1 -121 0
-1 -151 0
-31 -61 0
-31 -91 0
-31 -121 0
-31 -151 0
-61 -91 0
-61 -121 0
-61 -151 0
-91 -121 0
-91 -151 0
-121 -151 0
-2 -32 0
-2 -62 0
-2 -92 0
-2 -122 0
-2 -152 0
-32 -62 0
-32 -92 0
-32 -122 0
-32 -152 0
-62 -92 0
-62 -122 0
-62 -152 0
-92 -122 0
-92 -152 0
-122 -152 0
-3 -33 0
-3 -63 0
-3 -93 0
-3 -123 0
-3 -153 0
-33 -63 0
-33 -93 0
-33 -123 0
-33 -153 0
-63 -93 0
-63 -123 0
-63 -153 0
-93 -123 0
-93 -153 0
-123 -153 0
-4 -34 0
-4 -64 0
-4 -94 0
-4 -124 0
-4 -154 0
-34 -64 0
-34 -94 0
-34 -124 0
-34 -154 0
-64 -94 0
-64 -124 0
-64 -154 0
-94 -124 0
-94 -154 0
-124 -154 0
-5 -35 0
-5 -65 0
-5 -95 0
-5 -125 0
-5 -155 0
-35 -65 0
-35 -95 0
-35 -125 0
-35 -155 0
-65 -95 0
-65 -125 0
-65 -155 0
-95 -125 0
-95 -155 0
-125 -155 0
-6 -36 0
-6 -66 0
-6 -96 0
-6 -126 0
-6 -156 0
-36 -66 0
-36 -96 0
-36 -126 0
-36 -156 0
-66 -96 0
-66 -126 0
-66 -156 0
-96 -126 0
-96 -156 0
-126 -156 0
-7 -37 0
-7 -67 0
-7 -97 0
-7 -127 0
-7 -157 0
-37 -67 0
-37 -97 0
-37 -127 0
-37 -157 0
-67 -97 0
-67 -127 0
-67 -157 0
-97 -127 0
-97 -157 0
-127 -157 0
-8 -38 0
-8 -68 0
-8 -98 0
-8 -128 0
-8 -158 0
-38 -68 0
-38 -98 0
-38 -128 0
-38 -158 0
-68 -98 0
-68 -128 0
-68 -158 0
-98 -128 0
-98 -158 0
-128 -158 0
-9 -39 0
-9 -69 0
-9 -99 0
-9 -129 0
-9 -159 0
-39 -69 0
-39 -99 0
-39 -129 0
-39 -159 0
-69 -99 0
-69 -129 0
-69 -159 0
-99 -129 0
-99 -159 0
-129 -159 0
-10 -40 0
-10 -70 0
-10 -100 0
-10 -130 0
-10 -160 0
-40 -70 0
-40 -100 0
-40 -130 0
-40 -160 0
-70 -100 0
-70 -130 0
-70 -160 0
-100 -130 0
-100 -160 0
-130 -160 0
-11 -41 0
-11 -71 0
-11 -101 0
-11 -131 0
-11 -161 0
-41 -71 0
-41 -101 0
-41 -131 0
-41 -161 0
-71 -101 0
-71 -131 0
-71 -161 0
-101 -131 0
-101 -161 0
-131 -161 0
-12 -42 0
-12 -72 0
-12 -102 0
-12 -132 0
-12 -162 0
-42 -72 0
-42 -102 0
-42 -132 0
-42 -162 0
-72 -102 0
-72 -132 0
-72 -162 0
-102 -132 0
-102 -162 0
-132 -162 0
-13 -43 0
-13 -73 0
-13 -103 0
-13 -133 0
-13 -163 0
-43 -73 0
-43 -103 0
-43 -133 0
-43 -163 0
-73 -103 0
-73 -133 0
-73 -163 0
-103 -133 0
-103 -163 0
-133 -163 0
-14 -44 0
-14 -74 0
-14 -104 0
-14 -134 0
-14 -164 0
-44 -74 0
-44 -104 0
-44 -134 0
-44 -164 0
-74 -104 0
-74 -134 0
-74 -164 0
-104 -134 0
-104 -164 0
-134 -164 0
-15 -45 0
-15 -75 0
-15 -105 0
-15 -135 0
-15 -165 0
-45 -75 0
-45 -105 0
-45 -135 0
-45 -165 0
-75 -105 0
-75 -135 0
-75 -165 0
-105 -135 0
-105 -165 0
-135 -165 0
-16 -46 0
-16 -76 0
-16 -106 0
-16 -136 0
-16 -166 0
-46 -76 0
-46 -106 0
-46 -136 0
-46 -166 0
-76 -106 0
-76 -136 0
-76 -166 0
-106 -136 0
-106 -166 0
-136 -166 0
-17 -47 0
-17 -77 0
-17 -107 0
-17 -137 0
-17 -167 0
-47 -77 0
-47 -107 0
-47 -137 0
-47 -167 0
-77 -107 0
-77 -137 0
-77 -167 0
-107 -137 0
-107 -167 0
-137 -167 0
-18 -48 0
-18 -78 0
-18 -108 0
-18 -138 0
-18 -168 0
-48 -78 0
-48 -108 0
-48 -138 0
-48 -168 0
-78 -108 0
-78 -138 0
-78 -168 0
-108 -138 0
-108 -168 0
-138 -168 0
-19 -49 0
-19 -79 0
-19 -109 0
-19 -139 0
-19 -169 0
-49 -79 0
-49 -109 0
-49 -139 0
-49 -169 0
-79 -109 0
-79 -139 0
-79 -169 0
-109 -139 0
-109 -169 0
-139 -169 0
-20 -50 0
-20 -80 0
-20 -110 0
-20 -140 0
-20 -170 0
-50 -80 0
-50 -110 0
-50 -140 0
-50 -170 0
-80 -110 0
-80 -140 0
-80 -170 0
-110 -140 0
-110 -170 0
-140 -170 0
-21 -51 0
-21 -81 0
-21 -111 0
-21 -141 0
-21 -171 0
-51 -81 0
-51 -111 0
-51 -141 0
-51 -171 0
-81 -111 0
-81 -141 0
-81 -171 0
-111 -141 0
-111 -171 0
-141 -171 0
-22 -52 0
-22 -82 0
-22 -112 0
-22 -142 0
-22 -172 0
-52 -82 0
-52 -112 0
-52 -142 0
-52 -172 0
-82 -112 0
-82 -142 0
-82 -172 0
-112 -142 0
-112 -172 0
-142 -172 0
-23 -53 0
-23 -83 0
-23 -113 0
-23 -143 0
-23 -173 0
-53 -83 0
-53 -113 0
-53 -143 0
-53 -173 0
-83 -113 0
-83 -143 0
-83 -173 0
-113 -143 0
-113 -173 0
-143 -173 0
-24 -54 0
-24 -84 0
-24 -114 0
-24 -144 0
-24 -174 0
-54 -84 0
-54 -114 0
-54 -144 0
-54 -174 0
-84 -114 0
-84 -144 0
-84 -174 0
-114 -144 0
-114 -174 0
-144 -174 0
-25 -55 0
-25 -85 0
-25 -115 0
-25 -145 0
-25 -175 0
-55 -85 0
-55 -115 0
-55 -145 0
-55 -175 0
-85 -115 0
-85 -145 0
-85 -175 0
-115 -145 0
-115 -175 0
-145 -175 0
-26 -56 0
-26 -86 0
-26 -116 0
-26 -146 0
-26 -176 0
-56 -86 0
-56 -116 0
-56 -146 0
-56 -176 0
-86 -116 0
-86 -146 0
-86 -176 0
-116 -146 0
-116 -176 0
-146 -176 0
-27 -57 0
-27 -87 0
-27 -117 0
-27 -147 0
-27 -177 0
-57 -87 0
-57 -117 0
-57 -147 0
-57 -177 0
-87 -117 0
-87 -147 0
-87 -177 0
-117 -147 0
-117 -177 0
-147 -177 0
-28 -58 0
-28 -88 0
-28 -118 0
-28 -148 0
-28 -178 0
-58 -88 0
-58 -118 0
-58 -148 0
-58 -178 0
-88 -118 0
-88 -148 0
-88 -178 0
-118 -148 0
-118 -178 0
-148 -178 0
-29 -59 0
-29 -89 0
-29 -119 0
-29 -149 0
-29 -179 0
-59 -89 0
-59 -119 0
-59 -149 0
-59 -179 0
-89 -119 0
-89 -149 0
-89 -179 0
-119 -149 0
-119 -179 0
-149 -179 0
-30 -60 0
-30 -90 0
-30 -120 0
-30 -150 0
-30 -180 0
-60 -90 0
-60 -120 0
-60 -150 0
-60 -180 0
-90 -120 0
-90 -150 0
-90 -180 0
-120 -150 0
-120 -180 0
-150 -180 0
-1 -34 0
-1 -64 0
-1 -94 0
-1 -124 0
-1 -154 0
-31 -64 0
-31 -94 0
-31 -124 0
-31 -154 0
-61 -94 0
-61 -124 0
-61 -154 0
-91 -124 0
-91 -154 0
-121 -154 0
-1 -35 0
-1 -65 0
-1 -95 0
-1 -125 0
-1 -155 0
-31 -65 0
-31 -95 0
-31 -125 0
-31 -155 0
-61 -95 0
-61 -125 0
-61 -155 0
-91 -125 0
-91 -155 0
-121 -155 0
-1 -36 0
-1 -66 0
-1 -96 0
-1 -126 0
-1 -156 0
-31 -66 0
-31 -96 0
-31 -126 0
-31 -156 0
-61 -96 0
-61 -126 0
-61 -156 0
-91 -126 0
-91 -156 0
-121 -156 0
-1 -38 0
-1 -68 0
-1 -98 0
-1 -128 0
-1 -158 0
-31 -68 0
-31 -98 0
-31 -128 0
-31 -158 0
-61 -98 0
-61 -128 0
-61 -158 0
-91 -128 0
-91 -158 0
-121 -158 0
-1 -40 0
-1 -70 0
-1 -100 0
-1 -130 0
-1 -160 0
-31 -70 0
-31 -100 0
-31 -130 0
-31 -160 0
-61 -100 0
-61 -130 0
-61 -160 0
-91 -130 0
-91 -160 0
-121 -160 0
-1 -43 0
-1 -73 0
-1 -103 0
-1 -133 0
-1 -163 0
-31 -73 0
-31 -103 0
-31 -133 0
-31 -163 0
-61 -103 0
-61 -133 0
-61 -163 0
-91 -133 0
-91 -163 0
-121 -163 0
-1 -44 0
-1 -74 0
-1 -104 0
-1 -134 0
-1 -164 0
-31 -74 0
-31 -104 0
-31 -134 0
-31 -164 0
-61 -104 0
-61 -134 0
-61 -164 0
-91 -134 0
-91 -164 0
-121 -164 0
-1 -46 0
-1 -76 0
-1 -106 0
-1 -136 0
-1 -166 0
-31 -76 0
-31 -106 0
-31 -136 0
-31 -166 0
-61 -106 0
-61 -136 0
-61 -166 0
-91 -136 0
-91 -166 0
-121 -166 0
-1 -48 0
-1 -78 0
-1 -108 0
-1 -138 0
-1 -168 0
-31 -78 0
-31 -108 0
-31 -138 0
-31 -168 0
-61 -108 0
-61 -138 0
-61 -168 0
-91 -138 0
-91 -168 0
-121 -168 0
-1 -50 0
-1 -80 0
-1 -110 0
-1 -140 0
-1 -170 0
-31 -80 0
-31 -110 0
-31 -140 0
-31 -170 0
-61 -110 0
-61 -140 0
-61 -170 0
-91 -140 0
-91 -170 0
-121 -170 0
-1 -53 0
-1 -83 0
-1 -113 0
-1 -143 0
-1 -173 0
-31 -83 0
-31 -113 0
-31 -143 0
-31 -173 0
-61 -113 0
-61 -143 0
-61 -173 0
-91 -143 0
-91 -173 0
-121 -173 0
-1 -54 0
-1 -84 0
-1 -114 0
-1 -144 0
-1 -174 0
-31 -84 0
-31 -114 0
-31 -144 0
-31 -174 0
-61 -114 0
-61 -144 0
-61 -174 0
-91 -144 0
-91 -174 0
-121 -174 0
-1 -55 0
-1 -85 0
-1 -115 0
-1 -145 0
-1 -175 0
-31 -85 0
-31 -115 0
-31 -145 0
-31 -175 0
-61 -115 0
-61 -145 0
-61 -175 0
-91 -145 0
-91 -175 0
-121 -175 0
-1 -56 0
-1 -86 0
-1 -116 0
-1 -146 0
-1 -176 0
-31 -86 0
-31 -116 0
-31 -146 0
-31 -176 0
-61 -116 0
-61 -146 0
-61 -176 0
-91 -146 0
-91 -176 0
-121 -176 0
-1 -57 0
-1 -87 0
-1 -117 0
-1 -147 0
-1 -177 0
-31 -87 0
-31 -117 0
-31 -147 0
-31 -177 0
-61 -117 0
-61 -147 0
-61 -177 0
-91 -147 0
-91 -177 0
-121 -177 0
-1 -58 0
-1 -88 0
-1 -118 0
-1 -148 0
-1 -178 0
-31 -88 0
-31 -118 0
-31 -148 0
-31 -178 0
-61 -118 0
-61 -148 0
-61 -178 0
-91 -148 0
-91 -178 0
-121 -178 0
-1 -59 0
-1 -89 0
-1 -119 0
-1 -149 0
-1 -179 0
-31 -89 0
-31 -119 0
-31 -149 0
-31 -179 0
-61 -119 0
-61 -149 0
-61 -179 0
-91 -149 0
-91 -179 0
-121 -179 0
-1 -60 0
-1 -90 0
-1 -120 0
-1 -150 0
-1 -180 0
-31 -90 0
-31 -120 0
-31 -150 0
-31 -180 0
-61 -120 0
-61 -150 0
-61 -180 0
-91 -150 0
-91 -180 0
-121 -180 0
-2 -39 0
-2 -69 0
-2 -99 0
-2 -129 0
-2 -159 0
-32 -69 0
-32 -99 0
-32 -129 0
-32 -159 0
-62 -99 0
-62 -129 0
-62 -159 0
-92 -129 0
-92 -159 0
-122 -159 0
-2 -43 0
-2 -73 0
-2 -103 0
-2 -133 0
-2 -163 0
-32 -73 0
-32 -103 0
-32 -133 0
-32 -163 0
-62 -103 0
-62 -133 0
-62 -163 0
-92 -133 0
-92 -163 0
-122 -163 0
-2 -47 0
-2 -77 0
-2 -107 0
-2 -137 0
-2 -167 0
-32 -77 0
-32 -107 0
-32 -137 0
-32 -167 0
-62 -107 0
-62 -137 0
-62 -167 0
-92 -137 0
-92 -167 0
-122 -167 0
-2 -49 0
-2 -79 0
-2 -109 0
-2 -139 0
-2 -169 0
-32 -79 0
-32 -109 0
-32 -139 0
-32 -169 0
-62 -109 0
-62 -139 0
-62 -169 0
-92 -139 0
-92 -169 0
-122 -169 0
-2 -51 0
-2 -81 0
-2 -111 0
-2 -141 0
-2 -171 0
-32 -81 0
-32 -111 0
-32 -141 0
-32 -171 0
-62 -111 0
-62 -141 0
-62 -171 0
-92 -141 0
-92 -171 0
-122 -171 0
-2 -53 0
-2 -83 0
-2 -113 0
-2 -143 0
-2 -173 0
-32 -83 0
-32 -113 0
-32 -143 0
-32 -173 0
-62 -113 0
-62 -143 0
-62 -173 0
-92 -143 0
-92 -173 0
-122 -173 0
-2 -54 0
-2 -84 0
-2 -114 0
-2 -144 0
-2 -174 0
-32 -84 0
-32 -114 0
-32 -144 0
-32 -174 0
-62 -114 0
-62 -144 0
-62 -174 0
-92 -144 0
-92 -174 0
-122 -174 0
-2 -55 0
-2 -85 0
-2 -115 0
-2 -145 0
-2 -175 0
-32 -85 0
-32 -115 0
-32 -145 0
-32 -175 0
-62 -115 0
-62 -145 0
-62 -175 0
-92 -145 0
-92 -175 0
-122 -175 0
-2 -56 0
-2 -86 0
-2 -116 0
-2 -146 0
-2 -176 0
-32 -86 0
-32 -116 0
-32 -146 0
-32 -176 0
-62 -116 0
-62 -146 0
-62 -176 0
-92 -146 0
-92 -176 0
-122 -176 0
-2 -57 0
-2 -87 0
-2 -117 0
-2 -147 0
-2 -177 0
-32 -87 0
-32 -117 0
-32 -147 0
-32 -177 0
-62 -117 0
-62 -147 0
-62 -177 0
-92 -147 0
-92 -177 0
-122 -177 0
-2 -58 0
-2 -88 0
-2 -118 0
-2 -148 0
-2 -178 0
-32 -88 0
-32 -118 0
-32 -148 0
-32 -178 0
-62 -118 0
-62 -148 0
-62 -178 0
-92 -148 0
-92 -178 0
-122 -178 0
-2 -59 0
-2 -89 0
-2 -119 0
-2 -149 0
-2 -179 0
-32 -89 0
-32 -119 0
-32 -149 0
-32 -179 0
-62 -119 0
-62 -149 0
-62 -179 0
-92 -149 0
-92 -179 0
-122 -179 0
-2 -60 0
-2 -90 0
-2 -120 0
-2 -150 0
-2 -180 0
-32 -90 0
-32 -120 0
-32 -150 0
-32 -180 0
-62 -120 0
-62 -150 0
-62 -180 0
-92 -150 0
-92 -180 0
-122 -180 0
-3 -41 0
-3 -71 0
-3 -101 0
-3 -131 0
-3 -161 0
-33 -71 0
-33 -101 0
-33 -131 0
-33 -161 0
-63 -101 0
-63 -131 0
-63 -161 0
-93 -131 0
-93 -161 0
-123 -161 0
-3 -42 0
-3 -72 0
-3 -102 0
-3 -132 0
-3 -162 0
-33 -72 0
-33 -102 0
-33 -132 0
-33 -162 0
-63 -102 0
-63 -132 0
-63 -162 0
-93 -132 0
-93 -162 0
-123 -162 0
-3 -44 0
-3 -74 0
-3 -104 0
-3 -134 0
-3 -164 0
-33 -74 0
-33 -104 0
-33 -134 0
-33 -164 0
-63 -104 0
-63 -134 0
-63 -164 0
-93 -134 0
-93 -164 0
-123 -164 0
-3 -47 0
-3 -77 0
-3 -107 0
-3 -137 0
-3 -167 0
-33 -77 0
-33 -107 0
-33 -137 0
-33 -167 0
-63 -107 0
-63 -137 0
-63 -167 0
-93 -137 0
-93 -167 0
-123 -167 0
-3 -51 0
-3 -81 0
-3 -111 0
-3 -141 0
-3 -171 0
-33 -81 0
-33 -111 0
-33 -141 0
-33 -171 0
-63 -111 0
-63 -141 0
-63 -171 0
-93 -141 0
-93 -171 0
-123 -171 0
-3 -52 0
-3 -82 0
-3 -112 0
-3 -142 0
-3 -172 0
-33 -82 0
-33 -112 0
-33 -142 0
-33 -172 0
-63 -112 0
-63 -142 0
-63 -172 0
-93 -142 0
-93 -172 0
-123 -172 0
-3 -53 0
-3 -83 0
-3 -113 0
-3 -143 0
-3 -173 0
-33 -83 0
-33 -113 0
-33 -143 0
-33 -173 0
-63 -113 0
-63 -143 0
-63 -173 0
-93 -143 0
-93 -173 0
-123 -173 0
-3 -54 0
-3 -84 0
-3 -114 0
-3 -144 0
-3 -174 0
-33 -84 0
-33 -114 0
-33 -144 0
-33 -174 0
-63 -114 0
-63 -144 0
-63 -174 0
-93 -144 0
-93 -174 0
-123 -174 0
-3 -55 0
-3 -85 0
-3 -115 0
-3 -145 0
-3 -175 0
-33 -85 0
-33 -115 0
-33 -145 0
-33 -175 0
-63 -115 0
-63 -145 0
-63 -175 0
-93 -145 0
-93 -175 0
-123 -175 0
-3 -56 0
-3 -86 0
-3 -116 0
-3 -146 0
-3 -176 0
-33 -86 0
-33 -116 0
-33 -146 0
-33 -176 0
-63 -116 0
-63 -146 0
-63 -176 0
-93 -146 0
-93 -176 0
-123 -176 0
-3 -57 0
-3 -87 0
-3 -117 0
-3 -147 0
-3 -177 0
-33 -87 0
-33 -117 0
-33 -147 0
-33 -177 0
-63 -117 0
-63 -147 0
-63 -177 0
-93 -147 0
-93 -177 0
-123 -177 0
-3 -58 0
-3 -88 0
-3 -118 0
-3 -148 0
-3 -178 0
-33 -88 0
-33 -118 0
-33 -148 0
-33 -178 0
-63 -118 0
-63 -148 0
-63 -178 0
-93 -148 0
-93 -178 0
-123 -178 0
-3 -59 0
-3 -89 0
-3 -119 0
-3 -149 0
-3 -179 0
-33 -89 0
-33 -119 0
-33 -149 0
-33 -179 0
-63 -119 0
-63 -149 0
-63 -179 0
-93 -149 0
-93 -179 0
-123 -179 0
-3 -60 0
-3 -90 0
-3 -120 0
-3 -150 0
-3 -180 0
-33 -90 0
-33 -120 0
-33 -150 0
-33 -180 0
-63 -120 0
-63 -150 0
-63 -180 0
-93 -150 0
-93 -180 0
-123 -180 0
-4 -31 0
-4 -61 0
-4 -91 0
-4 -121 0
-4 -151 0
-34 -61 0
-34 -91 0
-34 -121 0
-34 -151 0
-64 -91 0
-64 -121 0
-64 -151 0
-94 -121 0
-94 -151 0
-124 -151 0
-4 -36 0
-4 -66 0
-4 -96 0
-4 -126 0
-4 -156 0
-34 -66 0
-34 -96 0
-34 -126 0
-34 -156 0
-64 -96 0
-64 -126 0
-64 -156 0
-94 -126 0
-94 -156 0
-124 -156 0
-4 -38 0
-4 -68 0
-4 -98 0
-4 -128 0
-4 -158 0
-34 -68 0
-34 -98 0
-34 -128 0
-34 -158 0
-64 -98 0
-64 -128 0
-64 -158 0
-94 -128 0
-94 -158 0
-124 -158 0
-4 -39 0
-4 -69 0
-4 -99 0
-4 -129 0
-4 -159 0
-34 -69 0
-34 -99 0
-34 -129 0
-34 -159 0
-64 -99 0
-64 -129 0
-64 -159 0
-94 -129 0
-94 -159 0
-124 -159 0
-4 -41 0
-4 -71 0
-4 -101 0
-4 -131 0
-4 -161 0
-34 -71 0
-34 -101 0
-34 -131 0
-34 -161 0
-64 -101 0
-64 -131 0
-64 -161 0
-94 -131 0
-94 -161 0
-124 -161 0
-4 -43 0
-4 -73 0
-4 -103 0
-4 -133 0
-4 -163 0
-34 -73 0
-34 -103 0
-34 -133 0
-34 -163 0
-64 -103 0
-64 -133 0
-64 -163 0
-94 -133 0
-94 -163 0
-124 -163 0
-4 -46 0
-4 -76 0
-4 -106 0
-4 -136 0
-4 -166 0
-34 -76 0
-34 -106 0
-34 -136 0
-34 -166 0
-64 -106 0
-64 -136 0
-64 -166 0
-94 -136 0
-94 -166 0
-124 -166 0
-4 -51 0
-4 -81 0
-4 -111 0
-4 -141 0
-4 -171 0
-34 -81 0
-34 -111 0
-34 -141 0
-34 -171 0
-64 -111 0
-64 -141 0
-64 -171 0
-94 -141 0
-94 -171 0
-124 -171 0
-4 -52 0
-4 -82 0
-4 -112 0
-4 -142 0
-4 -172 0
-34 -82 0
-34 -112 0
-34 -142 0
-34 -172 0
-64 -112 0
-64 -142 0
-64 -172 0
-94 -142 0
-94 -172 0
-124 -172 0
-4 -53 0
-4 -83 0
-4 -113 0
-4 -143 0
-4 -173 0
-34 -83 0
-34 -113 0
-34 -143 0
-34 -173 0
-64 -113 0
-64 -143 0
-64 -173 0
-94 -143 0
-94 -173 0
-124 -173 0
-4 -54 0
-4 -84 0
-4 -114 0
-4 -144 0
-4 -174 0
-34 -84 0
-34 -114 0
-34 -144 0
-34 -174 0
-64 -114 0
-64 -144 0
-64 -174 0
-94 -144 0
-94 -174 0
-124 -174 0
-4 -55 0
-4 -85 0
-4 -115 0
-4 -145 0
-4 -175 0
-34 -85 0
-34 -115 0
-34 -145 0
-34 -175 0
-64 -115 0
-64 -145 0
-64 -175 0
-94 -145 0
-94 -175 0
-124 -175 0
-4 -56 0
-4 -86 0
-4 -116 0
-4 -146 0
-4 -176 0
-34 -86 0
-34 -116 0
-34 -146 0
-34 -176 0
-64 -116 0
-64 -146 0
-64 -176 0
-94 -146 0
-94 -176 0
-124 -176 0
-4 -57 0
-4 -87 0
-4 -117 0
-4 -147 0
-4 -177 0
-34 -87 0
-34 -117 0
-34 -147 0
-34 -177 0
-64 -117 0
-64 -147 0
-64 -177 0
-94 -147 0
-94 -177 0
-124 -177 0
-4 -58 0
-4 -88 0
-4 -118 0
-4 -148 0
-4 -178 0
-34 -88 0
-34 -118 0
-34 -148 0
-34 -178 0
-64 -118 0
-64 -148 0
-64 -178 0
-94 -148 0
-94 -178 0
-124 -178 0
-4 -59 0
-4 -89 0
-4 -119 0
-4 -149 0
-4 -179 0
-34 -89 0
-34 -119 0
-34 -149 0
-34 -179 0
-64 -119 0
-64 -149 0
-64 -179 0
-94 -149 0
-94 -179 0
-124 -179 0
-4 -60 0
-4 -90 0
-4 -120 0
-4 -150 0
-4 -180 0
-34 -90 0
-34 -120 0
-34 -150 0
-34 -180 0
-64 -120 0
-64 -150 0
-64 -180 0
-94 -150 0
-94 -180 0
-124 -180 0
-5 -31 0
-5 -61 0
-5 -91 0
-5 -121 0
-5 -151 0
-35 -61 0
-35 -91 0
-35 -121 0
-35 -151 0
-65 -91 0
-65 -121 0
-65 -151 0
-95 -121 0
-95 -151 0
-125 -151 0
-5 -40 0
-5 -70 0
-5 -100 0
-5 -130 0
-5 -160 0
-35 -70 0
-35 -100 0
-35 -130 0
-35 -160 0
-65 -100 0
-65 -130 0
-65 -160 0
-95 -130 0
-95 -160 0
-125 -160 0
-5 -47 0
-5 -77 0
-5 -107 0
-5 -137 0
-5 -167 0
-35 -77 0
-35 -107 0
-35 -137 0
-35 -167 0
-65 -107 0
-65 -137 0
-65 -167 0
-95 -137 0
-95 -167 0
-125 -167 0
-5 -52 0
-5 -82 0
-5 -112 0
-5 -142 0
-5 -172 0
-35 -82 0
-35 -112 0
-35 -142 0
-35 -172 0
-65 -112 0
-65 -142 0
-65 -172 0
-95 -142 0
-95 -172 0
-125 -172 0
-5 -53 0
-5 -83 0
-5 -113 0
-5 -143 0
-5 -173 0
-35 -83 0
-35 -113 0
-35 -143 0
-35 -173 0
-65 -113 0
-65 -143 0
-65 -173 0
-95 -143 0
-95 -173 0
-125 -173 0
-5 -54 0
-5 -84 0
-5 -114 0
-5 -144 0
-5 -174 0
-35 -84 0
-35 -114 0
-35 -144 0
-35 -174 0
-65 -114 0
-65 -144 0
-65 -174 0
-95 -144 0
-95 -174 0
-125 -174 0
-5 -55 0
-5 -85 0
-5 -115 0
-5 -145 0
-5 -175 0
-35 -85 0
-35 -115 0
-35 -145 0
-35 -175 0
-65 -115 0
-65 -145 0
-65 -175 0
-95 -145 0
-95 -175 0
-125 -175 0
-5 -56 0
-5 -86 0
-5 -116 0
-5 -146 0
-5 -176 0
-35 -86 0
-35 -116 0
-35 -146 0
-35 -176 0
-65 -116 0
-65 -146 0
-65 -176 0
-95 -146 0
-95 -176 0
-125 -176 0
-5 -57 0
-5 -87 0
-5 -117 0
-5 -147 0
-5 -177 0
-35 -87 0
-35 -117 0
-35 -147 0
-35 -177 0
-65 -117 0
-65 -147 0
-65 -177 0
-95 -147 0
-95 -177 0
-125 -177 0
-5 -58 0
-5 -88 0
-5 -118 0
-5 -148 0
-5 -178 0
-35 -88 0
-35 -118 0
-35 -148 0
-35 -178 0
-65 -118 0
-65 -148 0
-65 -178 0
-95 -148 0
-95 -178 0
-125 -178 0
-5 -59 0
-5 -89 0
-5 -119 0
-5 -149 0
-5 -179 0
-35 -89 0
-35 -119 0
-35 -149 0
-35 -179 0
-65 -119 0
-65 -149 0
-65 -179 0
-95 -149 0
-95 -179 0
-125 -179 0
-5 -60 0
-5 -90 0
-5 -120 0
-5 -150 0
-5 -180 0
-35 -90 0
-35 -120 0
-35 -150 0
-35 -180 0
-65 -120 0
-65 -150 0
-65 -180 0
-95 -150 0
-95 -180 0
-125 -180 0
-6 -31 0
-6 -61 0
-6 -91 0
-6 -121 0
-6 -151 0
-36 -61 0
-36 -91 0
-36 -121 0
-36 -151 0
-66 -91 0
-66 -121 0
-66 -151 0
-96 -121 0
-96 -151 0
-126 -151 0
-6 -34 0
-6 -64 0
-6 -94 0
-6 -124 0
-6 -154 0
-36 -64 0
-36 -94 0
-36 -124 0
-36 -154 0
-66 -94 0
-66 -124 0
-66 -154 0
-96 -124 0
-96 -154 0
-126 -154 0
-6 -38 0
-6 -68 0
-6 -98 0
-6 -128 0
-6 -158 0
-36 -68 0
-36 -98 0
-36 -128 0
-36 -158 0
-66 -98 0
-66 -128 0
-66 -158 0
-96 -128 0
-96 -158 0
-126 -158 0
-6 -40 0
-6 -70 0
-6 -100 0
-6 -130 0
-6 -160 0
-36 -70 0
-36 -100 0
-36 -130 0
-36 -160 0
-66 -100 0
-66 -130 0
-66 -160 0
-96 -130 0
-96 -160 0
-126 -160 0
-6 -42 0
-6 -72 0
-6 -102 0
-6 -132 0
-6 -162 0
-36 -72 0
-36 -102 0
-36 -132 0
-36 -162 0
-66 -102 0
-66 -132 0
-66 -162 0
-96 -132 0
-96 -162 0
-126 -162 0
-6 -43 0
-6 -73 0
-6 -103 0
-6 -133 0
-6 -163 0
-36 -73 0
-36 -103 0
-36 -133 0
-36 -163 0
-66 -103 0
-66 -133 0
-66 -163 0
-96 -133 0
-96 -163 0
-126 -163 0
-6 -44 0
-6 -74 0
-6 -104 0
-6 -134 0
-6 -164 0
-36 -74 0
-36 -104 0
-36 -134 0
-36 -164 0
-66 -104 0
-66 -134 0
-66 -164 0
-96 -134 0
-96 -164 0
-126 -164 0
-6 -53 0
-6 -83 0
-6 -113 0
-6 -143 0
-6 -173 0
-36 -83 0
-36 -113 0
-36 -143 0
-36 -173 0
-66 -113 0
-66 -143 0
-66 -173 0
-96 -143 0
-96 -173 0
-126 -173 0
-6 -54 0
-6 -84 0
-6 -114 0
-6 -144 0
-6 -174 0
-36 -84 0
-36 -114 0
-36 -144 0
-36 -174 0
-66 -114 0
-66 -144 0
-66 -174 0
-96 -144 0
-96 -174 0
-126 -174 0
-6 -55 0
-6 -85 0
-6 -115 0
-6 -145 0
-6 -175 0
-36 -85 0
-36 -115 0
-36 -145 0
-36 -175 0
-66 -115 0
-66 -145 0
-66 -175 0
-96 -145 0
-96 -175 0
-126 -175 0
-6 -56 0
-6 -86 0
-6 -116 0
-6 -146 0
-6 -176 0
-36 -86 0
-36 -116 0
-36 -146 0
-36 -176 0
-66 -116 0
-66 -146 0
-66 -176 0
-96 -146 0
-96 -176 0
-126 -176 0
-6 -57 0
-6 -87 0
-6 -117 0
-6 -147 0
-6 -177 0
-36 -87 0
-36 -117 0
-36 -147 0
-36 -177 0
-66 -117 0
-66 -147 0
-66 -177 0
-96 -147 0
-96 -177 0
-126 -177 0
-6 -58 0
-6 -88 0
-6 -118 0
-6 -148 0
-6 -178 0
-36 -88 0
-36 -118 0
-36 -148 0
-36 -178 0
-66 -118 0
-66 -148 0
-66 -178 0
-96 -148 0
-96 -178 0
-126 -178 0
-6 -59 0
-6 -89 0
-6 -119 0
-6 -149 0
-6 -179 0
-36 -89 0
-36 -119 0
-36 -149 0
-36 -179 0
-66 -119 0
-66 -149 0
-66 -179 0
-96 -149 0
-96 -179 0
-126 -179 0
-6 -60 0
-6 -90 0
-6 -120 0
-6 -150 0
-6 -180 0
-36 -90 0
-36 -120 0
-36 -150 0
-36 -180 0
-66 -120 0
-66 -150 0
-66 -180 0
-96 -150 0
-96 -180 0
-126 -180 0
-7 -45 0
-7 -75 0
-7 -105 0
-7 -135 0
-7 -165 0
-37 -75 0
-37 -105 0
-37 -135 0
-37 -165 0
-67 -105 0
-67 -135 0
-67 -165 0
-97 -135 0
-97 -165 0
-127 -165 0
-7 -52 0
-7 -82 0
-7 -112 0
-7 -142 0
-7 -172 0
-37 -82 0
-37 -112 0
-37 -142 0
-37 -172 0
-67 -112 0
-67 -142 0
-67 -172 0
-97 -142 0
-97 -172 0
-127 -172 0
-7 -53 0
-7 -83 0
-7 -113 0
-7 -143 0
-7 -173 0
-37 -83 0
-37 -113 0
-37 -143 0
-37 -173 0
-67 -113 0
-67 -143 0
-67 -173 0
-97 -143 0
-97 -173 0
-127 -173 0
-7 -54 0
-7 -84 0
-7 -114 0
-7 -144 0
-7 -174 0
-37 -84 0
-37 -114 0
-37 -144 0
-37 -174 0
-67 -114 0
-67 -144 0
-67 -174 0
-97 -144 0
-97 -174 0
-127 -174 0
-7 -55 0
-7 -85 0
-7 -115 0
-7 -145 0
-7 -175 0
-37 -85 0
-37 -115 0
-37 -145 0
-37 -175 0
-67 -115 0
-67 -145 0
-67 -175 0
-97 -145 0
-97 -175 0
-127 -175 0
-7 -56 0
-7 -86 0
-7 -116 0
-7 -146 0
-7 -176 0
-37 -86 0
-37 -116 0
-37 -146 0
-37 -176 0
-67 -116 0
-67 -146 0
-67 -176 0
-97 -146 0
-97 -176 0
-127 -176 0
-7 -57 0
-7 -87 0
-7 -117 0
-7 -147 0
-7 -177 0
-37 -87 0
-37 -117 0
-37 -147 0
-37 -177 0
-67 -117 0
-67 -147 0
-67 -177 0
-97 -147 0
-97 -177 0
-127 -177 0
-7 -58 0
-7 -88 0
-7 -118 0
-7 -148 0
-7 -178 0
-37 -88 0
-37 -118 0
-37 -148 0
-37 -178 0
-67 -118 0
-67 -148 0
-67 -178 0
-97 -148 0
-97 -178 0
-127 -178 0
-7 -59 0
-7 -89 0
-7 -119 0
-7 -149 0
-7 -179 0
-37 -89 0
-37 -119 0
-37 -149 0
-37 -179 0
-67 -119 0
-67 -149 0
-67 -179 0
-97 -149 0
-97 -179 0
-127 -179 0
-7 -60 0
-7 -90 0
-7 -120 0
-7 -150 0
-7 -180 0
-37 -90 0
-37 -120 0
-37 -150 0
-37 -180 0
-67 -120 0
-67 -150 0
-67 -180 0
-97 -150 0
-97 -180 0
-127 -180 0
-8 -31 0
-8 -61 0
-8 -91 0
-8 -121 0
-8 -151 0
-38 -61 0
-38 -91 0
-38 -121 0
-38 -151 0
-68 -91 0
-68 -121 0
-68 -151 0
-98 -121 0
-98 -151 0
-128 -151 0
-8 -34 0
-8 -64 0
-8 -94 0
-8 -124 0
-8 -154 0
-38 -64 0
-38 -94 0
-38 -124 0
-38 -154 0
-68 -94 0
-68 -124 0
-68 -154 0
-98 -124 0
-98 -154 0
-128 -154 0
-8 -36 0
-8 -66 0
-8 -96 0
-8 -126 0
-8 -156 0
-38 -66 0
-38 -96 0
-38 -126 0
-38 -156 0
-68 -96 0
-68 -126 0
-68 -156 0
-98 -126 0
-98 -156 0
-128 -156 0
-8 -43 0
-8 -73 0
-8 -103 0
-8 -133 0
-8 -163 0
-38 -73 0
-38 -103 0
-38 -133 0
-38 -163 0
-68 -103 0
-68 -133 0
-68 -163 0
-98 -133 0
-98 -163 0
-128 -163 0
-8 -44 0
-8 -74 0
-8 -104 0
-8 -134 0
-8 -164 0
-38 -74 0
-38 -104 0
-38 -134 0
-38 -164 0
-68 -104 0
-68 -134 0
-68 -164 0
-98 -134 0
-98 -164 0
-128 -164 0
-8 -46 0
-8 -76 0
-8 -106 0
-8 -136 0
-8 -166 0
-38 -76 0
-38 -106 0
-38 -136 0
-38 -166 0
-68 -106 0
-68 -136 0
-68 -166 0
-98 -136 0
-98 -166 0
-128 -166 0
-8 -51 0
-8 -81 0
-8 -111 0
-8 -141 0
-8 -171 0
-38 -81 0
-38 -111 0
-38 -141 0
-38 -171 0
-68 -111 0
-68 -141 0
-68 -171 0
-98 -141 0
-98 -171 0
-128 -171 0
-8 -52 0
-8 -82 0
-8 -112 0
-8 -142 0
-8 -172 0
-38 -82 0
-38 -112 0
-38 -142 0
-38 -172 0
-68 -112 0
-68 -142 0
-68 -172 0
-98 -142 0
-98 -172 0
-128 -172 0
-8 -53 0
-8 -83 0
-8 -113 0
-8 -143 0
-8 -173 0
-38 -83 0
-38 -113 0
-38 -143 0
-38 -173 0
-68 -113 0
-68 -143 0
-68 -173 0
-98 -143 0
-98 -173 0
-128 -173 0
-8 -54 0
-8 -84 0
-8 -114 0
-8 -144 0
-8 -174 0
-38 -84 0
-38 -114 0
-38 -144 0
-38 -174 0
-68 -114 0
-68 -144 0
-68 -174 0
-98 -144 0
-98 -174 0
-128 -174 0
-8 -55 0
-8 -85 0
-8 -115 0
-8 -145 0
-8 -175 0
-38 -85 0
-38 -115 0
-38 -145 0
-38 -175 0
-68 -115 0
-68 -145 0
-68 -175 0
-98 -145 0
-98 -175 0
-128 -175 0
-8 -56 0
-8 -86 0
-8 -116 0
-8 -146 0
-8 -176 0
-38 -86 0
-38 -116 0
-38 -146 0
-38 -176 0
-68 -116 0
-68 -146 0
-68 -176 0
-98 -146 0
-98 -176 0
-128 -176 0
-8 -57 0
-8 -87 0
-8 -117 0
-8 -147 0
-8 -177 0
-38 -87 0
-38 -117 0
-38 -147 0
-38 -177 0
-68 -117 0
-68 -147 0
-68 -177 0
-98 -147 0
-98 -177 0
-128 -177 0
-8 -58 0
-8 -88 0
-8 -118 0
-8 -148 0
-8 -178 0
-38 -88 0
-38 -118 0
-38 -148 0
-38 -178 0
-68 -118 0
-68 -148 0
-68 -178 0
-98 -148 0
-98 -178 0
-128 -178 0
-8 -59 0
-8 -89 0
-8 -119 0
-8 -149 0
-8 -179 0
-38 -89 0
-38 -119 0
-38 -149 0
-38 -179 0
-68 -119 0
-68 -149 0
-68 -179 0
-98 -149 0
-98 -179 0
-128 -179 0
-8 -60 0
-8 -90 0
-8 -120 0
-8 -150 0
-8 -180 0
-38 -90 0
-38 -120 0
-38 -150 0
-38 -180 0
-68 -120 0
-68 -150 0
-68 -180 0
-98 -150 0
-98 -180 0
-128 -180 0
-9 -32 0
-9 -62 0
-9 -92 0
-9 -122 0
-9 -152 0
-39 -62 0
-39 -92 0
-39 -122 0
-39 -152 0
-69 -92 0
-69 -122 0
-69 -152 0
-99 -122 0
-99 -152 0
-129 -152 0
-9 -34 0
-9 -64 0
-9 -94 0
-9 -124 0
-9 -154 0
-39 -64 0
-39 -94 0
-39 -124 0
-39 -154 0
-69 -94 0
-69 -124 0
-69 -154 0
-99 -124 0
-99 -154 0
-129 -154 0
-9 -44 0
-9 -74 0
-9 -104 0
-9 -134 0
-9 -164 0
-39 -74 0
-39 -104 0
-39 -134 0
-39 -164 0
-69 -104 0
-69 -134 0
-69 -164 0
-99 -134 0
-99 -164 0
-129 -164 0
-9 -50 0
-9 -80 0
-9 -110 0
-9 -140 0
-9 -170 0
-39 -80 0
-39 -110 0
-39 -140 0
-39 -170 0
-69 -110 0
-69 -140 0
-69 -170 0
-99 -140 0
-99 -170 0
-129 -170 0
-9 -53 0
-9 -83 0
-9 -113 0
-9 -143 0
-9 -173 0
-39 -83 0
-39 -113 0
-39 -143 0
-39 -173 0
-69 -113 0
-69 -143 0
-69 -173 0
-99 -143 0
-99 -173 0
-129 -173 0
-9 -54 0
-9 -84 0
-9 -114 0
-9 -144 0
-9 -174 0
-39 -84 0
-39 -114 0
-39 -144 0
-39 -174 0
-69 -114 0
-69 -144 0
-69 -174 0
-99 -144 0
-99 -174 0
-129 -174 0
-9 -55 0
-9 -85 0
-9 -115 0
-9 -145 0
-9 -175 0
-39 -85 0
-39 -115 0
-39 -145 0
-39 -175 0
-69 -115 0
-69 -145 0
-69 -175 0
-99 -145 0
-99 -175 0
-129 -175 0
-9 -56 0
-9 -86 0
-9 -116 0
-9 -146 0
-9 -176 0
-39 -86 0
-39 -116 0
-39 -146 0
-39 -176 0
-69 -116 0
-69 -146 0
-69 -176 0
-99 -146 0
-99 -176 0
-129 -176 0
-9 -57 0
-9 -87 0
-9 -117 0
-9 -147 0
-9 -177 0
-39 -87 0
-39 -117 0
-39 -147 0
-39 -177 0
-69 -117 0
-69 -147 0
-69 -177 0
-99 -147 0
-99 -177 0
-129 -177 0
-9 -58 0
-9 -88 0
-9 -118 0
-9 -148 0
-9 -178 0
-39 -88 0
-39 -118 0
-39 -148 0
-39 -178 0
-69 -118 0
-69 -148 0
-69 -178 0
-99 -148 0
-99 -178 0
-129 -178 0
-9 -59 0
-9 -89 0
-9 -119 0
-9 -149 0
-9 -179 0
-39 -89 0
-39 -119 0
-39 -149 0
-39 -179 0
-69 -119 0
-69 -149 0
-69 -179 0
-99 -149 0
-99 -179 0
-129 -179 0
-9 -60 0
-9 -90 0
-9 -120 0
-9 -150 0
-9 -180 0
-39 -90 0
-39 -120 0
-39 -150 0
-39 -180 0
-69 -120 0
-69 -150 0
-69 -180 0
-99 -150 0
-99 -180 0
-129 -180 0
-10 -31 0
-10 -61 0
-10 -91 0
-10 -121 0
-10 -151 0
-40 -61 0
-40 -91 0
-40 -121 0
-40 -151 0
-70 -91 0
-70 -121 0
-70 -151 0
-100 -121 0
-100 -151 0
-130 -151 0
-10 -35 0
-10 -65 0
-10 -95 0
-10 -125 0
-10 -155 0
-40 -65 0
-40 -95 0
-40 -125 0
-40 -155 0
-70 -95 0
-70 -125 0
-70 -155 0
-100 -125 0
-100 -155 0
-130 -155 0
-10 -36 0
-10 -66 0
-10 -96 0
-10 -126 0
-10 -156 0
-40 -66 0
-40 -96 0
-40 -126 0
-40 -156 0
-70 -96 0
-70 -126 0
-70 -156 0
-100 -126 0
-100 -156 0
-130 -156 0
-10 -51 0
-10 -81 0
-10 -111 0
-10 -141 0
-10 -171 0
-40 -81 0
-40 -111 0
-40 -141 0
-40 -171 0
-70 -111 0
-70 -141 0
-70 -171 0
-100 -141 0
-100 -171 0
-130 -171 0
-10 -53 0
-10 -83 0
-10 -113 0
-10 -143 0
-10 -173 0
-40 -83 0
-40 -113 0
-40 -143 0
-40 -173 0
-70 -113 0
-70 -143 0
-70 -173 0
-100 -143 0
-100 -173 0
-130 -173 0
-10 -54 0
-10 -84 0
-10 -114 0
-10 -144 0
-10 -174 0
-40 -84 0
-40 -114 0
-40 -144 0
-40 -174 0
-70 -114 0
-70 -144 0
-70 -174 0
-100 -144 0
-100 -174 0
-130 -174 0
-10 -55 0
-10 -85 0
-10 -115 0
-10 -145 0
-10 -175 0
-40 -85 0
-40 -115 0
-40 -145 0
-40 -175 0
-70 -115 0
-70 -145 0
-70 -175 0
-100 -145 0
-100 -175 0
-130 -175 0
-10 -56 0
-10 -86 0
-10 -116 0
-10 -146 0
-10 -176 0
-40 -86 0
-40 -116 0
-40 -146 0
-40 -176 0
-70 -116 0
-70 -146 0
-70 -176 0
-100 -146 0
-100 -176 0
-130 -176 0
-10 -57 0
-10 -87 0
-10 -117 0
-10 -147 0
-10 -177 0
-40 -87 0
-40 -117 0
-40 -147 0
-40 -177 0
-70 -117 0
-70 -147 0
-70 -177 0
-100 -147 0
-100 -177 0
-130 -177 0
-10 -58 0
-10 -88 0
-10 -118 0
-10 -148 0
-10 -178 0
-40 -88 0
-40 -118 0
-40 -148 0
-40 -178 0
-70 -118 0
-70 -148 0
-70 -178 0
-100 -148 0
-100 -178 0
-130 -178 0
-10 -59 0
-10 -89 0
-10 -119 0
-10 -149 0
-10 -179 0
-40 -89 0
-40 -119 0
-40 -149 0
-40 -179 0
-70 -119 0
-70 -149 0
-70 -179 0
-100 -149 0
-100 -179 0
-130 -179 0
-10 -60 0
-10 -90 0
-10 -120 0
-10 -150 0
-10 -180 0
-40 -90 0
-40 -120 0
-40 -150 0
-40 -180 0
-70 -120 0
-70 -150 0
-70 -180 0
-100 -150 0
-100 -180 0
-130 -180 0
-11 -33 0
-11 -63 0
-11 -93 0
-11 -123 0
-11 -153 0
-41 -63 0
-41 -93 0
-41 -123 0
-41 -153 0
-71 -93 0
-71 -123 0
-71 -153 0
-101 -123 0
-101 -153 0
-131 -153 0
-11 -34 0
-11 -64 0
-11 -94 0
-11 -124 0
-11 -154 0
-41 -64 0
-41 -94 0
-41 -124 0
-41 -154 0
-71 -94 0
-71 -124 0
-71 -154 0
-101 -124 0
-101 -154 0
-131 -154 0
-11 -45 0
-11 -75 0
-11 -105 0
-11 -135 0
-11 -165 0
-41 -75 0
-41 -105 0
-41 -135 0
-41 -165 0
-71 -105 0
-71 -135 0
-71 -165 0
-101 -135 0
-101 -165 0
-131 -165 0
-11 -46 0
-11 -76 0
-11 -106 0
-11 -136 0
-11 -166 0
-41 -76 0
-41 -106 0
-41 -136 0
-41 -166 0
-71 -106 0
-71 -136 0
-71 -166 0
-101 -136 0
-101 -166 0
-131 -166 0
-11 -51 0
-11 -81 0
-11 -111 0
-11 -141 0
-11 -171 0
-41 -81 0
-41 -111 0
-41 -141 0
-41 -171 0
-71 -111 0
-71 -141 0
-71 -171 0
-101 -141 0
-101 -171 0
-131 -171 0
-11 -53 0
-11 -83 0
-11 -113 0
-11 -143 0
-11 -173 0
-41 -83 0
-41 -113 0
-41 -143 0
-41 -173 0
-71 -113 0
-71 -143 0
-71 -173 0
-101 -143 0
-101 -173 0
-131 -173 0
-11 -54 0
-11 -84 0
-11 -114 0
-11 -144 0
-11 -174 0
-41 -84 0
-41 -114 0
-41 -144 0
-41 -174 0
-71 -114 0
-71 -144 0
-71 -174 0
-101 -144 0
-101 -174 0
-131 -174 0
-11 -55 0
-11 -85 0
-11 -115 0
-11 -145 0
-11 -175 0
-41 -85 0
-41 -115 0
-41 -145 0
-41 -175 0
-71 -115 0
-71 -145 0
-71 -175 0
-101 -145 0
-101 -175 0
-131 -175 0
-11 -56 0
-11 -86 0
-11 -116 0
-11 -146 0
-11 -176 0
-41 -86 0
-41 -116 0
-41 -146 0
-41 -176 0
-71 -116 0
-71 -146 0
-71 -176 0
-101 -146 0
-101 -176 0
-131 -176 0
-11 -57 0
-11 -87 0
-11 -117 0
-11 -147 0
-11 -177 0
-41 -87 0
-41 -117 0
-41 -147 0
-41 -177 0
-71 -117 0
-71 -147 0
-71 -177 0
-101 -147 0
-101 -177 0
-131 -177 0
-11 -58 0
-11 -88 0
-11 -118 0
-11 -148 0
-11 -178 0
-41 -88 0
-41 -118 0
-41 -148 0
-41 -178 0
-71 -118 0
-71 -148 0
-71 -178 0
-101 -148 0
-101 -178 0
-131 -178 0
-11 -59 0
-11 -89 0
-11 -119 0
-11 -149 0
-11 -179 0
-41 -89 0
-41 -119 0
-41 -149 0
-41 -179 0
-71 -119 0
-71 -149 0
-71 -179 0
-101 -149 0
-101 -179 0
-131 -179 0
-11 -60 0
-11 -90 0
-11 -120 0
-11 -150 0
-11 -180 0
-41 -90 0
-41 -120 0
-41 -150 0
-41 -180 0
-71 -120 0
-71 -150 0
-71 -180 0
-101 -150 0
-101 -180 0
-131 -180 0
-12 -33 0
-12 -63 0
-12 -93 0
-12 -123 0
-12 -153 0
-42 -63 0
-42 -93 0
-42 -123 0
-42 -153 0
-72 -93 0
-72 -123 0
-72 -153 0
-102 -123 0
-102 -153 0
-132 -153 0
-12 -36 0
-12 -66 0
-12 -96 0
-12 -126 0
-12 -156 0
-42 -66 0
-42 -96 0
-42 -126 0
-42 -156 0
-72 -96 0
-72 -126 0
-72 -156 0
-102 -126 0
-102 -156 0
-132 -156 0
-12 -44 0
-12 -74 0
-12 -104 0
-12 -134 0
-12 -164 0
-42 -74 0
-42 -104 0
-42 -134 0
-42 -164 0
-72 -104 0
-72 -134 0
-72 -164 0
-102 -134 0
-102 -164 0
-132 -164 0
-12 -45 0
-12 -75 0
-12 -105 0
-12 -135 0
-12 -165 0
-42 -75 0
-42 -105 0
-42 -135 0
-42 -165 0
-72 -105 0
-72 -135 0
-72 -165 0
-102 -135 0
-102 -165 0
-132 -165 0
-12 -48 0
-12 -78 0
-12 -108 0
-12 -138 0
-12 -168 0
-42 -78 0
-42 -108 0
-42 -138 0
-42 -168 0
-72 -108 0
-72 -138 0
-72 -168 0
-102 -138 0
-102 -168 0
-132 -168 0
-12 -53 0
-12 -83 0
-12 -113 0
-12 -143 0
-12 -173 0
-42 -83 0
-42 -113 0
-42 -143 0
-42 -173 0
-72 -113 0
-72 -143 0
-72 -173 0
-102 -143 0
-102 -173 0
-132 -173 0
-12 -54 0
-12 -84 0
-12 -114 0
-12 -144 0
-12 -174 0
-42 -84 0
-42 -114 0
-42 -144 0
-42 -174 0
-72 -114 0
-72 -144 0
-72 -174 0
-102 -144 0
-102 -174 0
-132 -174 0
-12 -55 0
-12 -85 0
-12 -115 0
-12 -145 0
-12 -175 0
-42 -85 0
-42 -115 0
-42 -145 0
-42 -175 0
-72 -115 0
-72 -145 0
-72 -175 0
-102 -145 0
-102 -175 0
-132 -175 0
-12 -56 0
-12 -86 0
-12 -116 0
-12 -146 0
-12 -176 0
-42 -86 0
-42 -116 0
-42 -146 0
-42 -176 0
-72 -116 0
-72 -146 0
-72 -176 0
-102 -146 0
-102 -176 0
-132 -176 0
-12 -57 0
-12 -87 0
-12 -117 0
-12 -147 0
-12 -177 0
-42 -87 0
-42 -117 0
-42 -147 0
-42 -177 0
-72 -117 0
-72 -147 0
-72 -177 0
-102 -147 0
-102 -177 0
-132 -177 0
-12 -58 0
-12 -88 0
-12 -118 0
-12 -148 0
-12 -178 0
-42 -88 0
-42 -118 0
-42 -148 0
-42 -178 0
-72 -118 0
-72 -148 0
-72 -178 0
-102 -148 0
-102 -178 0
-132 -178 0
-12 -59 0
-12 -89 0
-12 -119 0
-12 -149 0
-12 -179 0
-42 -89 0
-42 -119 0
-42 -149 0
-42 -179 0
-72 -119 0
-72 -149 0
-72 -179 0
-102 -149 0
-102 -179 0
-132 -179 0
-12 -60 0
-12 -90 0
-12 -120 0
-12 -150 0
-12 -180 0
-42 -90 0
-42 -120 0
-42 -150 0
-42 -180 0
-72 -120 0
-72 -150 0
-72 -180 0
-102 -150 0
-102 -180 0
-132 -180 0
-13 -31 0
-13 -61 0
-13 -91 0
-13 -121 0
-13 -151 0
-43 -61 0
-43 -91 0
-43 -121 0
-43 -151 0
-73 -91 0
-73 -121 0
-73 -151 0
-103 -121 0
-103 -151 0
-133 -151 0
-13 -32 0
-13 -62 0
-13 -92 0
-13 -122 0
-13 -152 0
-43 -62 0
-43 -92 0
-43 -122 0
-43 -152 0
-73 -92 0
-73 -122 0
-73 -152 0
-103 -122 0
-103 -152 0
-133 -152 0
-13 -34 0
-13 -64 0
-13 -94 0
-13 -124 0
-13 -154 0
-43 -64 0
-43 -94 0
-43 -124 0
-43 -154 0
-73 -94 0
-73 -124 0
-73 -154 0
-103 -124 0
-103 -154 0
-133 -154 0
-13 -36 0
-13 -66 0
-13 -96 0
-13 -126 0
-13 -156 0
-43 -66 0
-43 -96 0
-43 -126 0
-43 -156 0
-73 -96 0
-73 -126 0
-73 -156 0
-103 -126 0
-103 -156 0
-133 -156 0
-13 -38 0
-13 -68 0
-13 -98 0
-13 -128 0
-13 -158 0
-43 -68 0
-43 -98 0
-43 -128 0
-43 -158 0
-73 -98 0
-73 -128 0
-73 -158 0
-103 -128 0
-103 -158 0
-133 -158 0
-13 -46 0
-13 -76 0
-13 -106 0
-13 -136 0
-13 -166 0
-43 -76 0
-43 -106 0
-43 -136 0
-43 -166 0
-73 -106 0
-73 -136 0
-73 -166 0
-103 -136 0
-103 -166 0
-133 -166 0
-13 -53 0
-13 -83 0
-13 -113 0
-13 -143 0
-13 -173 0
-43 -83 0
-43 -113 0
-43 -143 0
-43 -173 0
-73 -113 0
-73 -143 0
-73 -173 0
-103 -143 0
-103 -173 0
-133 -173 0
-13 -54 0
-13 -84 0
-13 -114 0
-13 -144 0
-13 -174 0
-43 -84 0
-43 -114 0
-43 -144 0
-43 -174 0
-73 -114 0
-73 -144 0
-73 -174 0
-103 -144 0
-103 -174 0
-133 -174 0
-13 -55 0
-13 -85 0
-13 -115 0
-13 -145 0
-13 -175 0
-43 -85 0
-43 -115 0
-43 -145 0
-43 -175 0
-73 -115 0
-73 -145 0
-73 -175 0
-103 -145 0
-103 -175 0
-133 -175 0
-13 -56 0
-13 -86 0
-13 -116 0
-13 -146 0
-13 -176 0
-43 -86 0
-43 -116 0
-43 -146 0
-43 -176 0
-73 -116 0
-73 -146 0
-73 -176 0
-103 -146 0
-103 -176 0
-133 -176 0
-13 -57 0
-13 -87 0
-13 -117 0
-13 -147 0
-13 -177 0
-43 -87 0
-43 -117 0
-43 -147 0
-43 -177 0
-73 -117 0
-73 -147 0
-73 -177 0
-103 -147 0
-103 -177 0
-133 -177 0
-13 -58 0
-13 -88 0
-13 -118 0
-13 -148 0
-13 -178 0
-43 -88 0
-43 -118 0
-43 -148 0
-43 -178 0
-73 -118 0
-73 -148 0
-73 -178 0
-103 -148 0
-103 -178 0
-133 -178 0
-13 -59 0
-13 -89 0
-13 -119 0
-13 -149 0
-13 -179 0
-43 -89 0
-43 -119 0
-43 -149 0
-43 -179 0
-73 -119 0
-73 -149 0
-73 -179 0
-103 -149 0
-103 -179 0
-133 -179 0
-13 -60 0
-13 -90 0
-13 -120 0
-13 -150 0
-13 -180 0
-43 -90 0
-43 -120 0
-43 -150 0
-43 -180 0
-73 -120 0
-73 -150 0
-73 -180 0
-103 -150 0
-103 -180 0
-133 -180 0
-14 -31 0
-14 -61 0
-14 -91 0
-14 -121 0
-14 -151 0
-44 -61 0
-44 -91 0
-44 -121 0
-44 -151 0
-74 -91 0
-74 -121 0
-74 -151 0
-104 -121 0
-104 -151 0
-134 -151 0
-14 -33 0
-14 -63 0
-14 -93 0
-14 -123 0
-14 -153 0
-44 -63 0
-44 -93 0
-44 -123 0
-44 -153 0
-74 -93 0
-74 -123 0
-74 -153 0
-104 -123 0
-104 -153 0
-134 -153 0
-14 -36 0
-14 -66 0
-14 -96 0
-14 -126 0
-14 -156 0
-44 -66 0
-44 -96 0
-44 -126 0
-44 -156 0
-74 -96 0
-74 -126 0
-74 -156 0
-104 -126 0
-104 -156 0
-134 -156 0
-14 -38 0
-14 -68 0
-14 -98 0
-14 -128 0
-14 -158 0
-44 -68 0
-44 -98 0
-44 -128 0
-44 -158 0
-74 -98 0
-74 -128 0
-74 -158 0
-104 -128 0
-104 -158 0
-134 -158 0
-14 -39 0
-14 -69 0
-14 -99 0
-14 -129 0
-14 -159 0
-44 -69 0
-44 -99 0
-44 -129 0
-44 -159 0
-74 -99 0
-74 -129 0
-74 -159 0
-104 -129 0
-104 -159 0
-134 -159 0
-14 -42 0
-14 -72 0
-14 -102 0
-14 -132 0
-14 -162 0
-44 -72 0
-44 -102 0
-44 -132 0
-44 -162 0
-74 -102 0
-74 -132 0
-74 -162 0
-104 -132 0
-104 -162 0
-134 -162 0
-14 -48 0
-14 -78 0
-14 -108 0
-14 -138 0
-14 -168 0
-44 -78 0
-44 -108 0
-44 -138 0
-44 -168 0
-74 -108 0
-74 -138 0
-74 -168 0
-104 -138 0
-104 -168 0
-134 -168 0
-14 -51 0
-14 -81 0
-14 -111 0
-14 -141 0
-14 -171 0
-44 -81 0
-44 -111 0
-44 -141 0
-44 -171 0
-74 -111 0
-74 -141 0
-74 -171 0
-104 -141 0
-104 -171 0
-134 -171 0
-14 -53 0
-14 -83 0
-14 -113 0
-14 -143 0
-14 -173 0
-44 -83 0
-44 -113 0
-44 -143 0
-44 -173 0
-74 -113 0
-74 -143 0
-74 -173 0
-104 -143 0
-104 -173 0
-134 -173 0
-14 -54 0
-14 -84 0
-14 -114 0
-14 -144 0
-14 -174 0
-44 -84 0
-44 -114 0
-44 -144 0
-44 -174 0
-74 -114 0
-74 -144 0
-74 -174 0
-104 -144 0
-104 -174 0
-134 -174 0
-14 -55 0
-14 -85 0
-14 -115 0
-14 -145 0
-14 -175 0
-44 -85 0
-44 -115 0
-44 -145 0
-44 -175 0
-74 -115 0
-74 -145 0
-74 -175 0
-104 -145 0
-104 -175 0
-134 -175 0
-14 -56 0
-14 -86 0
-14 -116 0
-14 -146 0
-14 -176 0
-44 -86 0
-44 -116 0
-44 -146 0
-44 -176 0
-74 -116 0
-74 -146 0
-74 -176 0
-104 -146 0
-104 -176 0
-134 -176 0
-14 -57 0
-14 -87 0
-14 -117 0
-14 -147 0
-14 -177 0
-44 -87 0
-44 -117 0
-44 -147 0
-44 -177 0
-74 -117 0
-74 -147 0
-74 -177 0
-104 -147 0
-104 -177 0
-134 -177 0
-14 -58 0
-14 -88 0
-14 -118 0
-14 -148 0
-14 -178 0
-44 -88 0
-44 -118 0
-44 -148 0
-44 -178 0
-74 -118 0
-74 -148 0
-74 -178 0
-104 -148 0
-104 -178 0
-134 -178 0
-14 -59 0
-14 -89 0
-14 -119 0
-14 -149 0
-14 -179 0
-44 -89 0
-44 -119 0
-44 -149 0
-44 -179 0
-74 -119 0
-74 -149 0
-74 -179 0
-104 -149 0
-104 -179 0
-134 -179 0
-14 -60 0
-14 -90 0
-14 -120 0
-14 -150 0
-14 -180 0
-44 -90 0
-44 -120 0
-44 -150 0
-44 -180 0
-74 -120 0
-74 -150 0
-74 -180 0
-104 -150 0
-104 -180 0
-134 -180 0
-15 -37 0
-15 -67 0
-15 -97 0
-15 -127 0
-15 -157 0
-45 -67 0
-45 -97 0
-45 -127 0
-45 -157 0
-75 -97 0
-75 -127 0
-75 -157 0
-105 -127 0
-105 -157 0
-135 -157 0
-15 -41 0
-15 -71 0
-15 -101 0
-15 -131 0
-15 -161 0
-45 -71 0
-45 -101 0
-45 -131 0
-45 -161 0
-75 -101 0
-75 -131 0
-75 -161 0
-105 -131 0
-105 -161 0
-135 -161 0
-15 -42 0
-15 -72 0
-15 -102 0
-15 -132 0
-15 -162 0
-45 -72 0
-45 -102 0
-45 -132 0
-45 -162 0
-75 -102 0
-75 -132 0
-75 -162 0
-105 -132 0
-105 -162 0
-135 -162 0
-15 -48 0
-15 -78 0
-15 -108 0
-15 -138 0
-15 -168 0
-45 -78 0
-45 -108 0
-45 -138 0
-45 -168 0
-75 -108 0
-75 -138 0
-75 -168 0
-105 -138 0
-105 -168 0
-135 -168 0
-15 -53 0
-15 -83 0
-15 -113 0
-15 -143 0
-15 -173 0
-45 -83 0
-45 -113 0
-45 -143 0
-45 -173 0
-75 -113 0
-75 -143 0
-75 -173 0
-105 -143 0
-105 -173 0
-135 -173 0
-15 -54 0
-15 -84 0
-15 -114 0
-15 -144 0
-15 -174 0
-45 -84 0
-45 -114 0
-45 -144 0
-45 -174 0
-75 -114 0
-75 -144 0
-75 -174 0
-105 -144 0
-105 -174 0
-135 -174 0
-15 -55 0
-15 -85 0
-15 -115 0
-15 -145 0
-15 -175 0
-45 -85 0
-45 -115 0
-45 -145 0
-45 -175 0
-75 -115 0
-75 -145 0
-75 -175 0
-105 -145 0
-105 -175 0
-135 -175 0
-15 -56 0
-15 -86 0
-15 -116 0
-15 -146 0
-15 -176 0
-45 -86 0
-45 -116 0
-45 -146 0
-45 -176 0
-75 -116 0
-75 -146 0
-75 -176 0
-105 -146 0
-105 -176 0
-135 -176 0
-15 -57 0
-15 -87 0
-15 -117 0
-15 -147 0
-15 -177 0
-45 -87 0
-45 -117 0
-45 -147 0
-45 -177 0
-75 -117 0
-75 -147 0
-75 -177 0
-105 -147 0
-105 -177 0
-135 -177 0
-15 -58 0
-15 -88 0
-15 -118 0
-15 -148 0
-15 -178 0
-45 -88 0
-45 -118 0
-45 -148 0
-45 -178 0
-75 -118 0
-75 -148 0
-75 -178 0
-105 -148 0
-105 -178 0
-135 -178 0
-15 -59 0
-15 -89 0
-15 -119 0
-15 -149 0
-15 -179 0
-45 -89 0
-45 -119 0
-45 -149 0
-45 -179 0
-75 -119 0
-75 -149 0
-75 -179 0
-105 -149 0
-105 -179 0
-135 -179 0
-15 -60 0
-15 -90 0
-15 -120 0
-15 -150 0
-15 -180 0
-45 -90 0
-45 -120 0
-45 -150 0
-45 -180 0
-75 -120 0
-75 -150 0
-75 -180 0
-105 -150 0
-105 -180 0
-135 -180 0
-16 -31 0
-16 -61 0
-16 -91 0
-16 -121 0
-16 -151 0
-46 -61 0
-46 -91 0
-46 -121 0
-46 -151 0
-76 -91 0
-76 -121 0
-76 -151 0
-106 -121 0
-106 -151 0
-136 -151 0
-16 -34 0
-16 -64 0
-16 -94 0
-16 -124 0
-16 -154 0
-46 -64 0
-46 -94 0
-46 -124 0
-46 -154 0
-76 -94 0
-76 -124 0
-76 -154 0
-106 -124 0
-106 -154 0
-136 -154 0
-16 -38 0
-16 -68 0
-16 -98 0
-16 -128 0
-16 -158 0
-46 -68 0
-46 -98 0
-46 -128 0
-46 -158 0
-76 -98 0
-76 -128 0
-76 -158 0
-106 -128 0
-106 -158 0
-136 -158 0
-16 -41 0
-16 -71 0
-16 -101 0
-16 -131 0
-16 -161 0
-46 -71 0
-46 -101 0
-46 -131 0
-46 -161 0
-76 -101 0
-76 -131 0
-76 -161 0
-106 -131 0
-106 -161 0
-136 -161 0
-16 -43 0
-16 -73 0
-16 -103 0
-16 -133 0
-16 -163 0
-46 -73 0
-46 -103 0
-46 -133 0
-46 -163 0
-76 -103 0
-76 -133 0
-76 -163 0
-106 -133 0
-106 -163 0
-136 -163 0
-16 -47 0
-16 -77 0
-16 -107 0
-16 -137 0
-16 -167 0
-46 -77 0
-46 -107 0
-46 -137 0
-46 -167 0
-76 -107 0
-76 -137 0
-76 -167 0
-106 -137 0
-106 -167 0
-136 -167 0
-16 -50 0
-16 -80 0
-16 -110 0
-16 -140 0
-16 -170 0
-46 -80 0
-46 -110 0
-46 -140 0
-46 -170 0
-76 -110 0
-76 -140 0
-76 -170 0
-106 -140 0
-106 -170 0
-136 -170 0
-16 -51 0
-16 -81 0
-16 -111 0
-16 -141 0
-16 -171 0
-46 -81 0
-46 -111 0
-46 -141 0
-46 -171 0
-76 -111 0
-76 -141 0
-76 -171 0
-106 -141 0
-106 -171 0
-136 -171 0
-16 -52 0
-16 -82 0
-16 -112 0
-16 -142 0
-16 -172 0
-46 -82 0
-46 -112 0
-46 -142 0
-46 -172 0
-76 -112 0
-76 -142 0
-76 -172 0
-106 -142 0
-106 -172 0
-136 -172 0
-16 -53 0
-16 -83 0
-16 -113 0
-16 -143 0
-16 -173 0
-46 -83 0
-46 -113 0
-46 -143 0
-46 -173 0
-76 -113 0
-76 -143 0
-76 -173 0
-106 -143 0
-106 -173 0
-136 -173 0
-16 -54 0
-16 -84 0
-16 -114 0
-16 -144 0
-16 -174 0
-46 -84 0
-46 -114 0
-46 -144 0
-46 -174 0
-76 -114 0
-76 -144 0
-76 -174 0
-106 -144 0
-106 -174 0
-136 -174 0
-16 -55 0
-16 -85 0
-16 -115 0
-16 -145 0
-16 -175 0
-46 -85 0
-46 -115 0
-46 -145 0
-46 -175 0
-76 -115 0
-76 -145 0
-76 -175 0
-106 -145 0
-106 -175 0
-136 -175 0
-16 -56 0
-16 -86 0
-16 -116 0
-16 -146 0
-16 -176 0
-46 -86 0
-46 -116 0
-46 -146 0
-46 -176 0
-76 -116 0
-76 -146 0
-76 -176 0
-106 -146 0
-106 -176 0
-136 -176 0
-16 -57 0
-16 -87 0
-16 -117 0
-16 -147 0
-16 -177 0
-46 -87 0
-46 -117 0
-46 -147 0
-46 -177 0
-76 -117 0
-76 -147 0
-76 -177 0
-106 -147 0
-106 -177 0
-136 -177 0
-16 -58 0
-16 -88 0
-16 -118 0
-16 -148 0
-16 -178 0
-46 -88 0
-46 -118 0
-46 -148 0
-46 -178 0
-76 -118 0
-76 -148 0
-76 -178 0
-106 -148 0
-106 -178 0
-136 -178 0
-16 -59 0
-16 -89 0
-16 -119 0
-16 -149 0
-16 -179 0
-46 -89 0
-46 -119 0
-46 -149 0
-46 -179 0
-76 -119 0
-76 -149 0
-76 -179 0
-106 -149 0
-106 -179 0
-136 -179 0
-16 -60 0
-16 -90 0
-16 -120 0
-16 -150 0
-16 -180 0
-46 -90 0
-46 -120 0
-46 -150 0
-46 -180 0
-76 -120 0
-76 -150 0
-76 -180 0
-106 -150 0
-106 -180 0
-136 -180 0
-17 -32 0
-17 -62 0
-17 -92 0
-17 -122 0
-17 -152 0
-47 -62 0
-47 -92 0
-47 -122 0
-47 -152 0
-77 -92 0
-77 -122 0
-77 -152 0
-107 -122 0
-107 -152 0
-137 -152 0
-17 -33 0
-17 -63 0
-17 -93 0
-17 -123 0
-17 -153 0
-47 -63 0
-47 -93 0
-47 -123 0
-47 -153 0
-77 -93 0
-77 -123 0
-77 -153 0
-107 -123 0
-107 -153 0
-137 -153 0
-17 -35 0
-17 -65 0
-17 -95 0
-17 -125 0
-17 -155 0
-47 -65 0
-47 -95 0
-47 -125 0
-47 -155 0
-77 -95 0
-77 -125 0
-77 -155 0
-107 -125 0
-107 -155 0
-137 -155 0
-17 -46 0
-17 -76 0
-17 -106 0
-17 -136 0
-17 -166 0
-47 -76 0
-47 -106 0
-47 -136 0
-47 -166 0
-77 -106 0
-77 -136 0
-77 -166 0
-107 -136 0
-107 -166 0
-137 -166 0
-17 -50 0
-17 -80 0
-17 -110 0
-17 -140 0
-17 -170 0
-47 -80 0
-47 -110 0
-47 -140 0
-47 -170 0
-77 -110 0
-77 -140 0
-77 -170 0
-107 -140 0
-107 -170 0
-137 -170 0
-17 -52 0
-17 -82 0
-17 -112 0
-17 -142 0
-17 -172 0
-47 -82 0
-47 -112 0
-47 -142 0
-47 -172 0
-77 -112 0
-77 -142 0
-77 -172 0
-107 -142 0
-107 -172 0
-137 -172 0
-17 -53 0
-17 -83 0
-17 -113 0
-17 -143 0
-17 -173 0
-47 -83 0
-47 -113 0
-47 -143 0
-47 -173 0
-77 -113 0
-77 -143 0
-77 -173 0
-107 -143 0
-107 -173 0
-137 -173 0
-17 -54 0
-17 -84 0
-17 -114 0
-17 -144 0
-17 -174 0
-47 -84 0
-47 -114 0
-47 -144 0
-47 -174 0
-77 -114 0
-77 -144 0
-77 -174 0
-107 -144 0
-107 -174 0
-137 -174 0
-17 -55 0
-17 -85 0
-17 -115 0
-17 -145 0
-17 -175 0
-47 -85 0
-47 -115 0
-47 -145 0
-47 -175 0
-77 -115 0
-77 -145 0
-77 -175 0
-107 -145 0
-107 -175 0
-137 -175 0
-17 -56 0
-17 -86 0
-17 -116 0
-17 -146 0
-17 -176 0
-47 -86 0
-47 -116 0
-47 -146 0
-47 -176 0
-77 -116 0
-77 -146 0
-77 -176 0
-107 -146 0
-107 -176 0
-137 -176 0
-17 -57 0
-17 -87 0
-17 -117 0
-17 -147 0
-17 -177 0
-47 -87 0
-47 -117 0
-47 -147 0
-47 -177 0
-77 -117 0
-77 -147 0
-77 -177 0
-107 -147 0
-107 -177 0
-137 -177 0
-17 -58 0
-17 -88 0
-17 -118 0
-17 -148 0
-17 -178 0
-47 -88 0
-47 -118 0
-47 -148 0
-47 -178 0
-77 -118 0
-77 -148 0
-77 -178 0
-107 -148 0
-107 -178 0
-137 -178 0
-17 -59 0
-17 -89 0
-17 -119 0
-17 -149 0
-17 -179 0
-47 -89 0
-47 -119 0
-47 -149 0
-47 -179 0
-77 -119 0
-77 -149 0
-77 -179 0
-107 -149 0
-107 -179 0
-137 -179 0
-17 -60 0
-17 -90 0
-17 -120 0
-17 -150 0
-17 -180 0
-47 -90 0
-47 -120 0
-47 -150 0
-47 -180 0
-77 -120 0
-77 -150 0
-77 -180 0
-107 -150 0
-107 -180 0
-137 -180 0
-18 -31 0
-18 -61 0
-18 -91 0
-18 -121 0
-18 -151 0
-48 -61 0
-48 -91 0
-48 -121 0
-48 -151 0
-78 -91 0
-78 -121 0
-78 -151 0
-108 -121 0
-108 -151 0
-138 -151 0
-18 -42 0
-18 -72 0
-18 -102 0
-18 -132 0
-18 -162 0
-48 -72 0
-48 -102 0
-48 -132 0
-48 -162 0
-78 -102 0
-78 -132 0
-78 -162 0
-108 -132 0
-108 -162 0
-138 -162 0
-18 -44 0
-18 -74 0
-18 -104 0
-18 -134 0
-18 -164 0
-48 -74 0
-48 -104 0
-48 -134 0
-48 -164 0
-78 -104 0
-78 -134 0
-78 -164 0
-108 -134 0
-108 -164 0
-138 -164 0
-18 -45 0
-18 -75 0
-18 -105 0
-18 -135 0
-18 -165 0
-48 -75 0
-48 -105 0
-48 -135 0
-48 -165 0
-78 -105 0
-78 -135 0
-78 -165 0
-108 -135 0
-108 -165 0
-138 -165 0
-18 -51 0
-18 -81 0
-18 -111 0
-18 -141 0
-18 -171 0
-48 -81 0
-48 -111 0
-48 -141 0
-48 -171 0
-78 -111 0
-78 -141 0
-78 -171 0
-108 -141 0
-108 -171 0
-138 -171 0
-18 -52 0
-18 -82 0
-18 -112 0
-18 -142 0
-18 -172 0
-48 -82 0
-48 -112 0
-48 -142 0
-48 -172 0
-78 -112 0
-78 -142 0
-78 -172 0
-108 -142 0
-108 -172 0
-138 -172 0
-18 -53 0
-18 -83 0
-18 -113 0
-18 -143 0
-18 -173 0
-48 -83 0
-48 -113 0
-48 -143 0
-48 -173 0
-78 -113 0
-78 -143 0
-78 -173 0
-108 -143 0
-108 -173 0
-138 -173 0
-18 -54 0
-18 -84 0
-18 -114 0
-18 -144 0
-18 -174 0
-48 -84 0
-48 -114 0
-48 -144 0
-48 -174 0
-78 -114 0
-78 -144 0
-78 -174 0
-108 -144 0
-108 -174 0
-138 -174 0
-18 -55 0
-18 -85 0
-18 -115 0
-18 -145 0
-18 -175 0
-48 -85 0
-48 -115 0
-48 -145 0
-48 -175 0
-78 -115 0
-78 -145 0
-78 -175 0
-108 -145 0
-108 -175 0
-138 -175 0
-18 -56 0
-18 -86 0
-18 -116 0
-18 -146 0
-18 -176 0
-48 -86 0
-48 -116 0
-48 -146 0
-48 -176 0
-78 -116 0
-78 -146 0
-78 -176 0
-108 -146 0
-108 -176 0
-138 -176 0
-18 -57 0
-18 -87 0
-18 -117 0
-18 -147 0
-18 -177 0
-48 -87 0
-48 -117 0
-48 -147 0
-48 -177 0
-78 -117 0
-78 -147 0
-78 -177 0
-108 -147 0
-108 -177 0
-138 -177 0
-18 -58 0
-18 -88 0
-18 -118 0
-18 -148 0
-18 -178 0
-48 -88 0
-48 -118 0
-48 -148 0
-48 -178 0
-78 -118 0
-78 -148 0
-78 -178 0
-108 -148 0
-108 -178 0
-138 -178 0
-18 -59 0
-18 -89 0
-18 -119 0
-18 -149 0
-18 -179 0
-48 -89 0
-48 -119 0
-48 -149 0
-48 -179 0
-78 -119 0
-78 -149 0
-78 -179 0
-108 -149 0
-108 -179 0
-138 -179 0
-18 -60 0
-18 -90 0
-18 -120 0
-18 -150 0
-18 -180 0
-48 -90 0
-48 -120 0
-48 -150 0
-48 -180 0
-78 -120 0
-78 -150 0
-78 -180 0
-108 -150 0
-108 -180 0
-138 -180 0
-19 -32 0
-19 -62 0
-19 -92 0
-19 -122 0
-19 -152 0
-49 -62 0
-49 -92 0
-49 -122 0
-49 -152 0
-79 -92 0
-79 -122 0
-79 -152 0
-109 -122 0
-109 -152 0
-139 -152 0
-19 -53 0
-19 -83 0
-19 -113 0
-19 -143 0
-19 -173 0
-49 -83 0
-49 -113 0
-49 -143 0
-49 -173 0
-79 -113 0
-79 -143 0
-79 -173 0
-109 -143 0
-109 -173 0
-139 -173 0
-19 -54 0
-19 -84 0
-19 -114 0
-19 -144 0
-19 -174 0
-49 -84 0
-49 -114 0
-49 -144 0
-49 -174 0
-79 -114 0
-79 -144 0
-79 -174 0
-109 -144 0
-109 -174 0
-139 -174 0
-19 -55 0
-19 -85 0
-19 -115 0
-19 -145 0
-19 -175 0
-49 -85 0
-49 -115 0
-49 -145 0
-49 -175 0
-79 -115 0
-79 -145 0
-79 -175 0
-109 -145 0
-109 -175 0
-139 -175 0
-19 -56 0
-19 -86 0
-19 -116 0
-19 -146 0
-19 -176 0
-49 -86 0
-49 -116 0
-49 -146 0
-49 -176 0
-79 -116 0
-79 -146 0
-79 -176 0
-109 -146 0
-109 -176 0
-139 -176 0
-19 -57 0
-19 -87 0
-19 -117 0
-19 -147 0
-19 -177 0
-49 -87 0
-49 -117 0
-49 -147 0
-49 -177 0
-79 -117 0
-79 -147 0
-79 -177 0
-109 -147 0
-109 -177 0
-139 -177 0
-19 -58 0
-19 -88 0
-19 -118 0
-19 -148 0
-19 -178 0
-49 -88 0
-49 -118 0
-49 -148 0
-49 -178 0
-79 -118 0
-79 -148 0
-79 -178 0
-109 -148 0
-109 -178 0
-139 -178 0
-19 -59 0
-19 -89 0
-19 -119 0
-19 -149 0
-19 -179 0
-49 -89 0
-49 -119 0
-49 -149 0
-49 -179 0
-79 -119 0
-79 -149 0
-79 -179 0
-109 -149 0
-109 -179 0
-139 -179 0
-19 -60 0
-19 -90 0
-19 -120 0
-19 -150 0
-19 -180 0
-49 -90 0
-49 -120 0
-49 -150 0
-49 -180 0
-79 -120 0
-79 -150 0
-79 -180 0
-109 -150 0
-109 -180 0
-139 -180 0
-20 -31 0
-20 -61 0
-20 -91 0
-20 -121 0
-20 -151 0
-50 -61 0
-50 -91 0
-50 -121 0
-50 -151 0
-80 -91 0
-80 -121 0
-80 -151 0
-110 -121 0
-110 -151 0
-140 -151 0
-20 -39 0
-20 -69 0
-20 -99 0
-20 -129 0
-20 -159 0
-50 -69 0
-50 -99 0
-50 -129 0
-50 -159 0
-80 -99 0
-80 -129 0
-80 -159 0
-110 -129 0
-110 -159 0
-140 -159 0
-20 -46 0
-20 -76 0
-20 -106 0
-20 -136 0
-20 -166 0
-50 -76 0
-50 -106 0
-50 -136 0
-50 -166 0
-80 -106 0
-80 -136 0
-80 -166 0
-110 -136 0
-110 -166 0
-140 -166 0
-20 -47 0
-20 -77 0
-20 -107 0
-20 -137 0
-20 -167 0
-50 -77 0
-50 -107 0
-50 -137 0
-50 -167 0
-80 -107 0
-80 -137 0
-80 -167 0
-110 -137 0
-110 -167 0
-140 -167 0
-20 -52 0
-20 -82 0
-20 -112 0
-20 -142 0
-20 -172 0
-50 -82 0
-50 -112 0
-50 -142 0
-50 -172 0
-80 -112 0
-80 -142 0
-80 -172 0
-110 -142 0
-110 -172 0
-140 -172 0
-20 -53 0
-20 -83 0
-20 -113 0
-20 -143 0
-20 -173 0
-50 -83 0
-50 -113 0
-50 -143 0
-50 -173 0
-80 -113 0
-80 -143 0
-80 -173 0
-110 -143 0
-110 -173 0
-140 -173 0
-20 -54 0
-20 -84 0
-20 -114 0
-20 -144 0
-20 -174 0
-50 -84 0
-50 -114 0
-50 -144 0
-50 -174 0
-80 -114 0
-80 -144 0
-80 -174 0
-110 -144 0
-110 -174 0
-140 -174 0
-20 -55 0
-20 -85 0
-20 -115 0
-20 -145 0
-20 -175 0
-50 -85 0
-50 -115 0
-50 -145 0
-50 -175 0
-80 -115 0
-80 -145 0
-80 -175 0
-110 -145 0
-110 -175 0
-140 -175 0
-20 -56 0
-20 -86 0
-20 -116 0
-20 -146 0
-20 -176 0
-50 -86 0
-50 -116 0
-50 -146 0
-50 -176 0
-80 -116 0
-80 -146 0
-80 -176 0
-110 -146 0
-110 -176 0
-140 -176 0
-20 -57 0
-20 -87 0
-20 -117 0
-20 -147 0
-20 -177 0
-50 -87 0
-50 -117 0
-50 -147 0
-50 -177 0
-80 -117 0
-80 -147 0
-80 -177 0
-110 -147 0
-110 -177 0
-140 -177 0
-20 -58 0
-20 -88 0
-20 -118 0
-20 -148 0
-20 -178 0
-50 -88 0
-50 -118 0
-50 -148 0
-50 -178 0
-80 -118 0
-80 -148 0
-80 -178 0
-110 -148 0
-110 -178 0
-140 -178 0
-20 -59 0
-20 -89 0
-20 -119 0
-20 -149 0
-20 -179 0
-50 -89 0
-50 -119 0
-50 -149 0
-50 -179 0
-80 -119 0
-80 -149 0
-80 -179 0
-110 -149 0
-110 -179 0
-140 -179 0
-20 -60 0
-20 -90 0
-20 -120 0
-20 -150 0
-20 -180 0
-50 -90 0
-50 -120 0
-50 -150 0
-50 -180 0
-80 -120 0
-80 -150 0
-80 -180 0
-110 -150 0
-110 -180 0
-140 -180 0
-21 -32 0
-21 -62 0
-21 -92 0
-21 -122 0
-21 -152 0
-51 -62 0
-51 -92 0
-51 -122 0
-51 -152 0
-81 -92 0
-81 -122 0
-81 -152 0
-111 -122 0
-111 -152 0
-141 -152 0
-21 -33 0
-21 -63 0
-21 -93 0
-21 -123 0
-21 -153 0
-51 -63 0
-51 -93 0
-51 -123 0
-51 -153 0
-81 -93 0
-81 -123 0
-81 -153 0
-111 -123 0
-111 -153 0
-141 -153 0
-21 -34 0
-21 -64 0
-21 -94 0
-21 -124 0
-21 -154 0
-51 -64 0
-51 -94 0
-51 -124 0
-51 -154 0
-81 -94 0
-81 -124 0
-81 -154 0
-111 -124 0
-111 -154 0
-141 -154 0
-21 -38 0
-21 -68 0
-21 -98 0
-21 -128 0
-21 -158 0
-51 -68 0
-51 -98 0
-51 -128 0
-51 -158 0
-81 -98 0
-81 -128 0
-81 -158 0
-111 -128 0
-111 -158 0
-141 -158 0
-21 -40 0
-21 -70 0
-21 -100 0
-21 -130 0
-21 -160 0
-51 -70 0
-51 -100 0
-51 -130 0
-51 -160 0
-81 -100 0
-81 -130 0
-81 -160 0
-111 -130 0
-111 -160 0
-141 -160 0
-21 -41 0
-21 -71 0
-21 -101 0
-21 -131 0
-21 -161 0
-51 -71 0
-51 -101 0
-51 -131 0
-51 -161 0
-81 -101 0
-81 -131 0
-81 -161 0
-111 -131 0
-111 -161 0
-141 -161 0
-21 -44 0
-21 -74 0
-21 -104 0
-21 -134 0
-21 -164 0
-51 -74 0
-51 -104 0
-51 -134 0
-51 -164 0
-81 -104 0
-81 -134 0
-81 -164 0
-111 -134 0
-111 -164 0
-141 -164 0
-21 -46 0
-21 -76 0
-21 -106 0
-21 -136 0
-21 -166 0
-51 -76 0
-51 -106 0
-51 -136 0
-51 -166 0
-81 -106 0
-81 -136 0
-81 -166 0
-111 -136 0
-111 -166 0
-141 -166 0
-21 -48 0
-21 -78 0
-21 -108 0
-21 -138 0
-21 -168 0
-51 -78 0
-51 -108 0
-51 -138 0
-51 -168 0
-81 -108 0
-81 -138 0
-81 -168 0
-111 -138 0
-111 -168 0
-141 -168 0
-21 -53 0
-21 -83 0
-21 -113 0
-21 -143 0
-21 -173 0
-51 -83 0
-51 -113 0
-51 -143 0
-51 -173 0
-81 -113 0
-81 -143 0
-81 -173 0
-111 -143 0
-111 -173 0
-141 -173 0
-21 -54 0
-21 -84 0
-21 -114 0
-21 -144 0
-21 -174 0
-51 -84 0
-51 -114 0
-51 -144 0
-51 -174 0
-81 -114 0
-81 -144 0
-81 -174 0
-111 -144 0
-111 -174 0
-141 -174 0
-21 -55 0
-21 -85 0
-21 -115 0
-21 -145 0
-21 -175 0
-51 -85 0
-51 -115 0
-51 -145 0
-51 -175 0
-81 -115 0
-81 -145 0
-81 -175 0
-111 -145 0
-111 -175 0
-141 -175 0
-21 -56 0
-21 -86 0
-21 -116 0
-21 -146 0
-21 -176 0
-51 -86 0
-51 -116 0
-51 -146 0
-51 -176 0
-81 -116 0
-81 -146 0
-81 -176 0
-111 -146 0
-111 -176 0
-141 -176 0
-21 -57 0
-21 -87 0
-21 -117 0
-21 -147 0
-21 -177 0
-51 -87 0
-51 -117 0
-51 -147 0
-51 -177 0
-81 -117 0
-81 -147 0
-81 -177 0
-111 -147 0
-111 -177 0
-141 -177 0
-21 -58 0
-21 -88 0
-21 -118 0
-21 -148 0
-21 -178 0
-51 -88 0
-51 -118 0
-51 -148 0
-51 -178 0
-81 -118 0
-81 -148 0
-81 -178 0
-111 -148 0
-111 -178 0
-141 -178 0
-21 -59 0
-21 -89 0
-21 -119 0
-21 -149 0
-21 -179 0
-51 -89 0
-51 -119 0
-51 -149 0
-51 -179 0
-81 -119 0
-81 -149 0
-81 -179 0
-111 -149 0
-111 -179 0
-141 -179 0
-21 -60 0
-21 -90 0
-21 -120 0
-21 -150 0
-21 -180 0
-51 -90 0
-51 -120 0
-51 -150 0
-51 -180 0
-81 -120 0
-81 -150 0
-81 -180 0
-111 -150 0
-111 -180 0
-141 -180 0
-22 -33 0
-22 -63 0
-22 -93 0
-22 -123 0
-22 -153 0
-52 -63 0
-52 -93 0
-52 -123 0
-52 -153 0
-82 -93 0
-82 -123 0
-82 -153 0
-112 -123 0
-112 -153 0
-142 -153 0
-22 -34 0
-22 -64 0
-22 -94 0
-22 -124 0
-22 -154 0
-52 -64 0
-52 -94 0
-52 -124 0
-52 -154 0
-82 -94 0
-82 -124 0
-82 -154 0
-112 -124 0
-112 -154 0
-142 -154 0
-22 -35 0
-22 -65 0
-22 -95 0
-22 -125 0
-22 -155 0
-52 -65 0
-52 -95 0
-52 -125 0
-52 -155 0
-82 -95 0
-82 -125 0
-82 -155 0
-112 -125 0
-112 -155 0
-142 -155 0
-22 -37 0
-22 -67 0
-22 -97 0
-22 -127 0
-22 -157 0
-52 -67 0
-52 -97 0
-52 -127 0
-52 -157 0
-82 -97 0
-82 -127 0
-82 -157 0
-112 -127 0
-112 -157 0
-142 -157 0
-22 -38 0
-22 -68 0
-22 -98 0
-22 -128 0
-22 -158 0
-52 -68 0
-52 -98 0
-52 -128 0
-52 -158 0
-82 -98 0
-82 -128 0
-82 -158 0
-112 -128 0
-112 -158 0
-142 -158 0
-22 -46 0
-22 -76 0
-22 -106 0
-22 -136 0
-22 -166 0
-52 -76 0
-52 -106 0
-52 -136 0
-52 -166 0
-82 -106 0
-82 -136 0
-82 -166 0
-112 -136 0
-112 -166 0
-142 -166 0
-22 -47 0
-22 -77 0
-22 -107 0
-22 -137 0
-22 -167 0
-52 -77 0
-52 -107 0
-52 -137 0
-52 -167 0
-82 -107 0
-82 -137 0
-82 -167 0
-112 -137 0
-112 -167 0
-142 -167 0
-22 -48 0
-22 -78 0
-22 -108 0
-22 -138 0
-22 -168 0
-52 -78 0
-52 -108 0
-52 -138 0
-52 -168 0
-82 -108 0
-82 -138 0
-82 -168 0
-112 -138 0
-112 -168 0
-142 -168 0
-22 -50 0
-22 -80 0
-22 -110 0
-22 -140 0
-22 -170 0
-52 -80 0
-52 -110 0
-52 -140 0
-52 -170 0
-82 -110 0
-82 -140 0
-82 -170 0
-112 -140 0
-112 -170 0
-142 -170 0
-22 -53 0
-22 -83 0
-22 -113 0
-22 -143 0
-22 -173 0
-52 -83 0
-52 -113 0
-52 -143 0
-52 -173 0
-82 -113 0
-82 -143 0
-82 -173 0
-112 -143 0
-112 -173 0
-142 -173 0
-22 -54 0
-22 -84 0
-22 -114 0
-22 -144 0
-22 -174 0
-52 -84 0
-52 -114 0
-52 -144 0
-52 -174 0
-82 -114 0
-82 -144 0
-82 -174 0
-112 -144 0
-112 -174 0
-142 -174 0
-22 -55 0
-22 -85 0
-22 -115 0
-22 -145 0
-22 -175 0
-52 -85 0
-52 -115 0
-52 -145 0
-52 -175 0
-82 -115 0
-82 -145 0
-82 -175 0
-112 -145 0
-112 -175 0
-142 -175 0
-22 -56 0
-22 -86 0
-22 -116 0
-22 -146 0
-22 -176 0
-52 -86 0
-52 -116 0
-52 -146 0
-52 -176 0
-82 -116 0
-82 -146 0
-82 -176 0
-112 -146 0
-112 -176 0
-142 -176 0
-22 -57 0
-22 -87 0
-22 -117 0
-22 -147 0
-22 -177 0
-52 -87 0
-52 -117 0
-52 -147 0
-52 -177 0
-82 -117 0
-82 -147 0
-82 -177 0
-112 -147 0
-112 -177 0
-142 -177 0
-22 -58 0
-22 -88 0
-22 -118 0
-22 -148 0
-22 -178 0
-52 -88 0
-52 -118 0
-52 -148 0
-52 -178 0
-82 -118 0
-82 -148 0
-82 -178 0
-112 -148 0
-112 -178 0
-142 -178 0
-22 -59 0
-22 -89 0
-22 -119 0
-22 -149 0
-22 -179 0
-52 -89 0
-52 -119 0
-52 -149 0
-52 -179 0
-82 -119 0
-82 -149 0
-82 -179 0
-112 -149 0
-112 -179 0
-142 -179 0
-22 -60 0
-22 -90 0
-22 -120 0
-22 -150 0
-22 -180 0
-52 -90 0
-52 -120 0
-52 -150 0
-52 -180 0
-82 -120 0
-82 -150 0
-82 -180 0
-112 -150 0
-112 -180 0
-142 -180 0
-23 -31 0
-23 -61 0
-23 -91 0
-23 -121 0
-23 -151 0
-53 -61 0
-53 -91 0
-53 -121 0
-53 -151 0
-83 -91 0
-83 -121 0
-83 -151 0
-113 -121 0
-113 -151 0
-143 -151 0
-23 -32 0
-23 -62 0
-23 -92 0
-23 -122 0
-23 -152 0
-53 -62 0
-53 -92 0
-53 -122 0
-53 -152 0
-83 -92 0
-83 -122 0
-83 -152 0
-113 -122 0
-113 -152 0
-143 -152 0
-23 -33 0
-23 -63 0
-23 -93 0
-23 -123 0
-23 -153 0
-53 -63 0
-53 -93 0
-53 -123 0
-53 -153 0
-83 -93 0
-83 -123 0
-83 -153 0
-113 -123 0
-113 -153 0
-143 -153 0
-23 -34 0
-23 -64 0
-23 -94 0
-23 -124 0
-23 -154 0
-53 -64 0
-53 -94 0
-53 -124 0
-53 -154 0
-83 -94 0
-83 -124 0
-83 -154 0
-113 -124 0
-113 -154 0
-143 -154 0
-23 -35 0
-23 -65 0
-23 -95 0
-23 -125 0
-23 -155 0
-53 -65 0
-53 -95 0
-53 -125 0
-53 -155 0
-83 -95 0
-83 -125 0
-83 -155 0
-113 -125 0
-113 -155 0
-143 -155 0
-23 -36 0
-23 -66 0
-23 -96 0
-23 -126 0
-23 -156 0
-53 -66 0
-53 -96 0
-53 -126 0
-53 -156 0
-83 -96 0
-83 -126 0
-83 -156 0
-113 -126 0
-113 -156 0
-143 -156 0
-23 -37 0
-23 -67 0
-23 -97 0
-23 -127 0
-23 -157 0
-53 -67 0
-53 -97 0
-53 -127 0
-53 -157 0
-83 -97 0
-83 -127 0
-83 -157 0
-113 -127 0
-113 -157 0
-143 -157 0
-23 -38 0
-23 -68 0
-23 -98 0
-23 -128 0
-23 -158 0
-53 -68 0
-53 -98 0
-53 -128 0
-53 -158 0
-83 -98 0
-83 -128 0
-83 -158 0
-113 -128 0
-113 -158 0
-143 -158 0
-23 -39 0
-23 -69 0
-23 -99 0
-23 -129 0
-23 -159 0
-53 -69 0
-53 -99 0
-53 -129 0
-53 -159 0
-83 -99 0
-83 -129 0
-83 -159 0
-113 -129 0
-113 -159 0
-143 -159 0
-23 -40 0
-23 -70 0
-23 -100 0
-23 -130 0
-23 -160 0
-53 -70 0
-53 -100 0
-53 -130 0
-53 -160 0
-83 -100 0
-83 -130 0
-83 -160 0
-113 -130 0
-113 -160 0
-143 -160 0
-23 -41 0
-23 -71 0
-23 -101 0
-23 -131 0
-23 -161 0
-53 -71 0
-53 -101 0
-53 -131 0
-53 -161 0
-83 -101 0
-83 -131 0
-83 -161 0
-113 -131 0
-113 -161 0
-143 -161 0
-23 -42 0
-23 -72 0
-23 -102 0
-23 -132 0
-23 -162 0
-53 -72 0
-53 -102 0
-53 -132 0
-53 -162 0
-83 -102 0
-83 -132 0
-83 -162 0
-113 -132 0
-113 -162 0
-143 -162 0
-23 -43 0
-23 -73 0
-23 -103 0
-23 -133 0
-23 -163 0
-53 -73 0
-53 -103 0
-53 -133 0
-53 -163 0
-83 -103 0
-83 -133 0
-83 -163 0
-113 -133 0
-113 -163 0
-143 -163 0
-23 -44 0
-23 -74 0
-23 -104 0
-23 -134 0
-23 -164 0
-53 -74 0
-53 -104 0
-53 -134 0
-53 -164 0
-83 -104 0
-83 -134 0
-83 -164 0
-113 -134 0
-113 -164 0
-143 -164 0
-23 -45 0
-23 -75 0
-23 -105 0
-23 -135 0
-23 -165 0
-53 -75 0
-53 -105 0
-53 -135 0
-53 -165 0
-83 -105 0
-83 -135 0
-83 -165 0
-113 -135 0
-113 -165 0
-143 -165 0
-23 -46 0
-23 -76 0
-23 -106 0
-23 -136 0
-23 -166 0
-53 -76 0
-53 -106 0
-53 -136 0
-53 -166 0
-83 -106 0
-83 -136 0
-83 -166 0
-113 -136 0
-113 -166 0
-143 -166 0
-23 -47 0
-23 -77 0
-23 -107 0
-23 -137 0
-23 -167 0
-53 -77 0
-53 -107 0
-53 -137 0
-53 -167 0
-83 -107 0
-83 -137 0
-83 -167 0
-113 -137 0
-113 -167 0
-143 -167 0
-23 -48 0
-23 -78 0
-23 -108 0
-23 -138 0
-23 -168 0
-53 -78 0
-53 -108 0
-53 -138 0
-53 -168 0
-83 -108 0
-83 -138 0
-83 -168 0
-113 -138 0
-113 -168 0
-143 -168 0
-23 -49 0
-23 -79 0
-23 -109 0
-23 -139 0
-23 -169 0
-53 -79 0
-53 -109 0
-53 -139 0
-53 -169 0
-83 -109 0
-83 -139 0
-83 -169 0
-113 -139 0
-113 -169 0
-143 -169 0
-23 -50 0
-23 -80 0
-23 -110 0
-23 -140 0
-23 -170 0
-53 -80 0
-53 -110 0
-53 -140 0
-53 -170 0
-83 -110 0
-83 -140 0
-83 -170 0
-113 -140 0
-113 -170 0
-143 -170 0
-23 -51 0
-23 -81 0
-23 -111 0
-23 -141 0
-23 -171 0
-53 -81 0
-53 -111 0
-53 -141 0
-53 -171 0
-83 -111 0
-83 -141 0
-83 -171 0
-113 -141 0
-113 -171 0
-143 -171 0
-23 -52 0
-23 -82 0
-23 -112 0
-23 -142 0
-23 -172 0
-53 -82 0
-53 -112 0
-53 -142 0
-53 -172 0
-83 -112 0
-83 -142 0
-83 -172 0
-113 -142 0
-113 -172 0
-143 -172 0
-23 -54 0
-23 -84 0
-23 -114 0
-23 -144 0
-23 -174 0
-53 -84 0
-53 -114 0
-53 -144 0
-53 -174 0
-83 -114 0
-83 -144 0
-83 -174 0
-113 -144 0
-113 -174 0
-143 -174 0
-23 -55 0
-23 -85 0
-23 -115 0
-23 -145 0
-23 -175 0
-53 -85 0
-53 -115 0
-53 -145 0
-53 -175 0
-83 -115 0
-83 -145 0
-83 -175 0
-113 -145 0
-113 -175 0
-143 -175 0
-23 -56 0
-23 -86 0
-23 -116 0
-23 -146 0
-23 -176 0
-53 -86 0
-53 -116 0
-53 -146 0
-53 -176 0
-83 -116 0
-83 -146 0
-83 -176 0
-113 -146 0
-113 -176 0
-143 -176 0
-23 -57 0
-23 -87 0
-23 -117 0
-23 -147 0
-23 -177 0
-53 -87 0
-53 -117 0
-53 -147 0
-53 -177 0
-83 -117 0
-83 -147 0
-83 -177 0
-113 -147 0
-113 -177 0
-143 -177 0
-23 -58 0
-23 -88 0
-23 -118 0
-23 -148 0
-23 -178 0
-53 -88 0
-53 -118 0
-53 -148 0
-53 -178 0
-83 -118 0
-83 -148 0
-83 -178 0
-113 -148 0
-113 -178 0
-143 -178 0
-23 -59 0
-23 -89 0
-23 -119 0
-23 -149 0
-23 -179 0
-53 -89 0
-53 -119 0
-53 -149 0
-53 -179 0
-83 -119 0
-83 -149 0
-83 -179 0
-113 -149 0
-113 -179 0
-143 -179 0
-23 -60 0
-23 -90 0
-23 -120 0
-23 -150 0
-23 -180 0
-53 -90 0
-53 -120 0
-53 -150 0
-53 -180 0
-83 -120 0
-83 -150 0
-83 -180 0
-113 -150 0
-113 -180 0
-143 -180 0
-24 -31 0
-24 -61 0
-24 -91 0
-24 -121 0
-24 -151 0
-54 -61 0
-54 -91 0
-54 -121 0
-54 -151 0
-84 -91 0
-84 -121 0
-84 -151 0
-114 -121 0
-114 -151 0
-144 -151 0
-24 -32 0
-24 -62 0
-24 -92 0
-24 -122 0
-24 -152 0
-54 -62 0
-54 -92 0
-54 -122 0
-54 -152 0
-84 -92 0
-84 -122 0
-84 -152 0
-114 -122 0
-114 -152 0
-144 -152 0
-24 -33 0
-24 -63 0
-24 -93 0
-24 -123 0
-24 -153 0
-54 -63 0
-54 -93 0
-54 -123 0
-54 -153 0
-84 -93 0
-84 -123 0
-84 -153 0
-114 -123 0
-114 -153 0
-144 -153 0
-24 -34 0
-24 -64 0
-24 -94 0
-24 -124 0
-24 -154 0
-54 -64 0
-54 -94 0
-54 -124 0
-54 -154 0
-84 -94 0
-84 -124 0
-84 -154 0
-114 -124 0
-114 -154 0
-144 -154 0
-24 -35 0
-24 -65 0
-24 -95 0
-24 -125 0
-24 -155 0
-54 -65 0
-54 -95 0
-54 -125 0
-54 -155 0
-84 -95 0
-84 -125 0
-84 -155 0
-114 -125 0
-114 -155 0
-144 -155 0
-24 -36 0
-24 -66 0
-24 -96 0
-24 -126 0
-24 -156 0
-54 -66 0
-54 -96 0
-54 -126 0
-54 -156 0
-84 -96 0
-84 -126 0
-84 -156 0
-114 -126 0
-114 -156 0
-144 -156 0
-24 -37 0
-24 -67 0
-24 -97 0
-24 -127 0
-24 -157 0
-54 -67 0
-54 -97 0
-54 -127 0
-54 -157 0
-84 -97 0
-84 -127 0
-84 -157 0
-114 -127 0
-114 -157 0
-144 -157 0
-24 -38 0
-24 -68 0
-24 -98 0
-24 -128 0
-24 -158 0
-54 -68 0
-54 -98 0
-54 -128 0
-54 -158 0
-84 -98 0
-84 -128 0
-84 -158 0
-114 -128 0
-114 -158 0
-144 -158 0
-24 -39 0
-24 -69 0
-24 -99 0
-24 -129 0
-24 -159 0
-54 -69 0
-54 -99 0
-54 -129 0
-54 -159 0
-84 -99 0
-84 -129 0
-84 -159 0
-114 -129 0
-114 -159 0
-144 -159 0
-24 -40 0
-24 -70 0
-24 -100 0
-24 -130 0
-24 -160 0
-54 -70 0
-54 -100 0
-54 -130 0
-54 -160 0
-84 -100 0
-84 -130 0
-84 -160 0
-114 -130 0
-114 -160 0
-144 -160 0
-24 -41 0
-24 -71 0
-24 -101 0
-24 -131 0
-24 -161 0
-54 -71 0
-54 -101 0
-54 -131 0
-54 -161 0
-84 -101 0
-84 -131 0
-84 -161 0
-114 -131 0
-114 -161 0
-144 -161 0
-24 -42 0
-24 -72 0
-24 -102 0
-24 -132 0
-24 -162 0
-54 -72 0
-54 -102 0
-54 -132 0
-54 -162 0
-84 -102 0
-84 -132 0
-84 -162 0
-114 -132 0
-114 -162 0
-144 -162 0
-24 -43 0
-24 -73 0
-24 -103 0
-24 -133 0
-24 -163 0
-54 -73 0
-54 -103 0
-54 -133 0
-54 -163 0
-84 -103 0
-84 -133 0
-84 -163 0
-114 -133 0
-114 -163 0
-144 -163 0
-24 -44 0
-24 -74 0
-24 -104 0
-24 -134 0
-24 -164 0
-54 -74 0
-54 -104 0
-54 -134 0
-54 -164 0
-84 -104 0
-84 -134 0
-84 -164 0
-114 -134 0
-114 -164 0
-144 -164 0
-24 -45 0
-24 -75 0
-24 -105 0
-24 -135 0
-24 -165 0
-54 -75 0
-54 -105 0
-54 -135 0
-54 -165 0
-84 -105 0
-84 -135 0
-84 -165 0
-114 -135 0
-114 -165 0
-144 -165 0
-24 -46 0
-24 -76 0
-24 -106 0
-24 -136 0
-24 -166 0
-54 -76 0
-54 -106 0
-54 -136 0
-54 -166 0
-84 -106 0
-84 -136 0
-84 -166 0
-114 -136 0
-114 -166 0
-144 -166 0
-24 -47 0
-24 -77 0
-24 -107 0
-24 -137 0
-24 -167 0
-54 -77 0
-54 -107 0
-54 -137 0
-54 -167 0
-84 -107 0
-84 -137 0
-84 -167 0
-114 -137 0
-114 -167 0
-144 -167 0
-24 -48 0
-24 -78 0
-24 -108 0
-24 -138 0
-24 -168 0
-54 -78 0
-54 -108 0
-54 -138 0
-54 -168 0
-84 -108 0
-84 -138 0
-84 -168 0
-114 -138 0
-114 -168 0
-144 -168 0
-24 -49 0
-24 -79 0
-24 -109 0
-24 -139 0
-24 -169 0
-54 -79 0
-54 -109 0
-54 -139 0
-54 -169 0
-84 -109 0
-84 -139 0
-84 -169 0
-114 -139 0
-114 -169 0
-144 -169 0
-24 -50 0
-24 -80 0
-24 -110 0
-24 -140 0
-24 -170 0
-54 -80 0
-54 -110 0
-54 -140 0
-54 -170 0
-84 -110 0
-84 -140 0
-84 -170 0
-114 -140 0
-114 -170 0
-144 -170 0
-24 -51 0
-24 -81 0
-24 -111 0
-24 -141 0
-24 -171 0
-54 -81 0
-54 -111 0
-54 -141 0
-54 -171 0
-84 -111 0
-84 -141 0
-84 -171 0
-114 -141 0
-114 -171 0
-144 -171 0
-24 -52 0
-24 -82 0
-24 -112 0
-24 -142 0
-24 -172 0
-54 -82 0
-54 -112 0
-54 -142 0
-54 -172 0
-84 -112 0
-84 -142 0
-84 -172 0
-114 -142 0
-114 -172 0
-144 -172 0
-24 -53 0
-24 -83 0
-24 -113 0
-24 -143 0
-24 -173 0
-54 -83 0
-54 -113 0
-54 -143 0
-54 -173 0
-84 -113 0
-84 -143 0
-84 -173 0
-114 -143 0
-114 -173 0
-144 -173 0
-24 -55 0
-24 -85 0
-24 -115 0
-24 -145 0
-24 -175 0
-54 -85 0
-54 -115 0
-54 -145 0
-54 -175 0
-84 -115 0
-84 -145 0
-84 -175 0
-114 -145 0
-114 -175 0
-144 -175 0
-24 -56 0
-24 -86 0
-24 -116 0
-24 -146 0
-24 -176 0
-54 -86 0
-54 -116 0
-54 -146 0
-54 -176 0
-84 -116 0
-84 -146 0
-84 -176 0
-114 -146 0
-114 -176 0
-144 -176 0
-24 -57 0
-24 -87 0
-24 -117 0
-24 -147 0
-24 -177 0
-54 -87 0
-54 -117 0
-54 -147 0
-54 -177 0
-84 -117 0
-84 -147 0
-84 -177 0
-114 -147 0
-114 -177 0
-144 -177 0
-24 -58 0
-24 -88 0
-24 -118 0
-24 -148 0
-24 -178 0
-54 -88 0
-54 -118 0
-54 -148 0
-54 -178 0
-84 -118 0
-84 -148 0
-84 -178 0
-114 -148 0
-114 -178 0
-144 -178 0
-24 -59 0
-24 -89 0
-24 -119 0
-24 -149 0
-24 -179 0
-54 -89 0
-54 -119 0
-54 -149 0
-54 -179 0
-84 -119 0
-84 -149 0
-84 -179 0
-114 -149 0
-114 -179 0
-144 -179 0
-24 -60 0
-24 -90 0
-24 -120 0
-24 -150 0
-24 -180 0
-54 -90 0
-54 -120 0
-54 -150 0
-54 -180 0
-84 -120 0
-84 -150 0
-84 -180 0
-114 -150 0
-114 -180 0
-144 -180 0
-25 -31 0
-25 -61 0
-25 -91 0
-25 -121 0
-25 -151 0
-55 -61 0
-55 -91 0
-55 -121 0
-55 -151 0
-85 -91 0
-85 -121 0
-85 -151 0
-115 -121 0
-115 -151 0
-145 -151 0
-25 -32 0
-25 -62 0
-25 -92 0
-25 -122 0
-25 -152 0
-55 -62 0
-55 -92 0
-55 -122 0
-55 -152 0
-85 -92 0
-85 -122 0
-85 -152 0
-115 -122 0
-115 -152 0
-145 -152 0
-25 -33 0
-25 -63 0
-25 -93 0
-25 -123 0
-25 -153 0
-55 -63 0
-55 -93 0
-55 -123 0
-55 -153 0
-85 -93 0
-85 -123 0
-85 -153 0
-115 -123 0
-115 -153 0
-145 -153 0
-25 -34 0
-25 -64 0
-25 -94 0
-25 -124 0
-25 -154 0
-55 -64 0
-55 -94 0
-55 -124 0
-55 -154 0
-85 -94 0
-85 -124 0
-85 -154 0
-115 -124 0
-115 -154 0
-145 -154 0
-25 -35 0
-25 -65 0
-25 -95 0
-25 -125 0
-25 -155 0
-55 -65 0
-55 -95 0
-55 -125 0
-55 -155 0
-85 -95 0
-85 -125 0
-85 -155 0
-115 -125 0
-115 -155 0
-145 -155 0
-25 -36 0
-25 -66 0
-25 -96 0
-25 -126 0
-25 -156 0
-55 -66 0
-55 -96 0
-55 -126 0
-55 -156 0
-85 -96 0
-85 -126 0
-85 -156 0
-115 -126 0
-115 -156 0
-145 -156 0
-25 -37 0
-25 -67 0
-25 -97 0
-25 -127 0
-25 -157 0
-55 -67 0
-55 -97 0
-55 -127 0
-55 -157 0
-85 -97 0
-85 -127 0
-85 -157 0
-115 -127 0
-115 -157 0
-145 -157 0
-25 -38 0
-25 -68 0
-25 -98 0
-25 -128 0
-25 -158 0
-55 -68 0
-55 -98 0
-55 -128 0
-55 -158 0
-85 -98 0
-85 -128 0
-85 -158 0
-115 -128 0
-115 -158 0
-145 -158 0
-25 -39 0
-25 -69 0
-25 -99 0
-25 -129 0
-25 -159 0
-55 -69 0
-55 -99 0
-55 -129 0
-55 -159 0
-85 -99 0
-85 -129 0
-85 -159 0
-115 -129 0
-115 -159 0
-145 -159 0
-25 -40 0
-25 -70 0
-25 -100 0
-25 -130 0
-25 -160 0
-55 -70 0
-55 -100 0
-55 -130 0
-55 -160 0
-85 -100 0
-85 -130 0
-85 -160 0
-115 -130 0
-115 -160 0
-145 -160 0
-25 -41 0
-25 -71 0
-25 -101 0
-25 -131 0
-25 -161 0
-55 -71 0
-55 -101 0
-55 -131 0
-55 -161 0
-85 -101 0
-85 -131 0
-85 -161 0
-115 -131 0
-115 -161 0
-145 -161 0
-25 -42 0
-25 -72 0
-25 -102 0
-25 -132 0
-25 -162 0
-55 -72 0
-55 -102 0
-55 -132 0
-55 -162 0
-85 -102 0
-85 -132 0
-85 -162 0
-115 -132 0
-115 -162 0
-145 -162 0
-25 -43 0
-25 -73 0
-25 -103 0
-25 -133 0
-25 -163 0
-55 -73 0
-55 -103 0
-55 -133 0
-55 -163 0
-85 -103 0
-85 -133 0
-85 -163 0
-115 -133 0
-115 -163 0
-145 -163 0
-25 -44 0
-25 -74 0
-25 -104 0
-25 -134 0
-25 -164 0
-55 -74 0
-55 -104 0
-55 -134 0
-55 -164 0
-85 -104 0
-85 -134 0
-85 -164 0
-115 -134 0
-115 -164 0
-145 -164 0
-25 -45 0
-25 -75 0
-25 -105 0
-25 -135 0
-25 -165 0
-55 -75 0
-55 -105 0
-55 -135 0
-55 -165 0
-85 -105 0
-85 -135 0
-85 -165 0
-115 -135 0
-115 -165 0
-145 -165 0
-25 -46 0
-25 -76 0
-25 -106 0
-25 -136 0
-25 -166 0
-55 -76 0
-55 -106 0
-55 -136 0
-55 -166 0
-85 -106 0
-85 -136 0
-85 -166 0
-115 -136 0
-115 -166 0
-145 -166 0
-25 -47 0
-25 -77 0
-25 -107 0
-25 -137 0
-25 -167 0
-55 -77 0
-55 -107 0
-55 -137 0
-55 -167 0
-85 -107 0
-85 -137 0
-85 -167 0
-115 -137 0
-115 -167 0
-145 -167 0
-25 -48 0
-25 -78 0
-25 -108 0
-25 -138 0
-25 -168 0
-55 -78 0
-55 -108 0
-55 -138 0
-55 -168 0
-85 -108 0
-85 -138 0
-85 -168 0
-115 -138 0
-115 -168 0
-145 -168 0
-25 -49 0
-25 -79 0
-25 -109 0
-25 -139 0
-25 -169 0
-55 -79 0
-55 -109 0
-55 -139 0
-55 -169 0
-85 -109 0
-85 -139 0
-85 -169 0
-115 -139 0
-115 -169 0
-145 -169 0
-25 -50 0
-25 -80 0
-25 -110 0
-25 -140 0
-25 -170 0
-55 -80 0
-55 -110 0
-55 -140 0
-55 -170 0
-85 -110 0
-85 -140 0
-85 -170 0
-115 -140 0
-115 -170 0
-145 -170 0
-25 -51 0
-25 -81 0
-25 -111 0
-25 -141 0
-25 -171 0
-55 -81 0
-55 -111 0
-55 -141 0
-55 -171 0
-85 -111 0
-85 -141 0
-85 -171 0
-115 -141 0
-115 -171 0
-145 -171 0
-25 -52 0
-25 -82 0
-25 -112 0
-25 -142 0
-25 -172 0
-55 -82 0
-55 -112 0
-55 -142 0
-55 -172 0
-85 -112 0
-85 -142 0
-85 -172 0
-115 -142 0
-115 -172 0
-145 -172 0
-25 -53 0
-25 -83 0
-25 -113 0
-25 -143 0
-25 -173 0
-55 -83 0
-55 -113 0
-55 -143 0
-55 -173 0
-85 -113 0
-85 -143 0
-85 -173 0
-115 -143 0
-115 -173 0
-145 -173 0
-25 -54 0
-25 -84 0
-25 -114 0
-25 -144 0
-25 -174 0
-55 -84 0
-55 -114 0
-55 -144 0
-55 -174 0
-85 -114 0
-85 -144 0
-85 -174 0
-115 -144 0
-115 -174 0
-145 -174 0
-25 -56 0
-25 -86 0
-25 -116 0
-25 -146 0
-25 -176 0
-55 -86 0
-55 -116 0
-55 -146 0
-55 -176 0
-85 -116 0
-85 -146 0
-85 -176 0
-115 -146 0
-115 -176 0
-145 -176 0
-25 -57 0
-25 -87 0
-25 -117 0
-25 -147 0
-25 -177 0
-55 -87 0
-55 -117 0
-55 -147 0
-55 -177 0
-85 -117 0
-85 -147 0
-85 -177 0
-115 -147 0
-115 -177 0
-145 -177 0
-25 -58 0
-25 -88 0
-25 -118 0
-25 -148 0
-25 -178 0
-55 -88 0
-55 -118 0
-55 -148 0
-55 -178 0
-85 -118 0
-85 -148 0
-85 -178 0
-115 -148 0
-115 -178 0
-145 -178 0
-25 -59 0
-25 -89 0
-25 -119 0
-25 -149 0
-25 -179 0
-55 -89 0
-55 -119 0
-55 -149 0
-55 -179 0
-85 -119 0
-85 -149 0
-85 -179 0
-115 -149 0
-115 -179 0
-145 -179 0
-25 -60 0
-25 -90 0
-25 -120 0
-25 -150 0
-25 -180 0
-55 -90 0
-55 -120 0
-55 -150 0
-55 -180 0
-85 -120 0
-85 -150 0
-85 -180 0
-115 -150 0
-115 -180 0
-145 -180 0
-26 -31 0
-26 -61 0
-26 -91 0
-26 -121 0
-26 -151 0
-56 -61 0
-56 -91 0
-56 -121 0
-56 -151 0
-86 -91 0
-86 -121 0
-86 -151 0
-116 -121 0
-116 -151 0
-146 -151 0
-26 -32 0
-26 -62 0
-26 -92 0
-26 -122 0
-26 -152 0
-56 -62 0
-56 -92 0
-56 -122 0
-56 -152 0
-86 -92 0
-86 -122 0
-86 -152 0
-116 -122 0
-116 -152 0
-146 -152 0
-26 -33 0
-26 -63 0
-26 -93 0
-26 -123 0
-26 -153 0
-56 -63 0
-56 -93 0
-56 -123 0
-56 -153 0
-86 -93 0
-86 -123 0
-86 -153 0
-116 -123 0
-116 -153 0
-146 -153 0
-26 -34 0
-26 -64 0
-26 -94 0
-26 -124 0
-26 -154 0
-56 -64 0
-56 -94 0
-56 -124 0
-56 -154 0
-86 -94 0
-86 -124 0
-86 -154 0
-116 -124 0
-116 -154 0
-146 -154 0
-26 -35 0
-26 -65 0
-26 -95 0
-26 -125 0
-26 -155 0
-56 -65 0
-56 -95 0
-56 -125 0
-56 -155 0
-86 -95 0
-86 -125 0
-86 -155 0
-116 -125 0
-116 -155 0
-146 -155 0
-26 -36 0
-26 -66 0
-26 -96 0
-26 -126 0
-26 -156 0
-56 -66 0
-56 -96 0
-56 -126 0
-56 -156 0
-86 -96 0
-86 -126 0
-86 -156 0
-116 -126 0
-116 -156 0
-146 -156 0
-26 -37 0
-26 -67 0
-26 -97 0
-26 -127 0
-26 -157 0
-56 -67 0
-56 -97 0
-56 -127 0
-56 -157 0
-86 -97 0
-86 -127 0
-86 -157 0
-116 -127 0
-116 -157 0
-146 -157 0
-26 -38 0
-26 -68 0
-26 -98 0
-26 -128 0
-26 -158 0
-56 -68 0
-56 -98 0
-56 -128 0
-56 -158 0
-86 -98 0
-86 -128 0
-86 -158 0
-116 -128 0
-116 -158 0
-146 -158 0
-26 -39 0
-26 -69 0
-26 -99 0
-26 -129 0
-26 -159 0
-56 -69 0
-56 -99 0
-56 -129 0
-56 -159 0
-86 -99 0
-86 -129 0
-86 -159 0
-116 -129 0
-116 -159 0
-146 -159 0
-26 -40 0
-26 -70 0
-26 -100 0
-26 -130 0
-26 -160 0
-56 -70 0
-56 -100 0
-56 -130 0
-56 -160 0
-86 -100 0
-86 -130 0
-86 -160 0
-116 -130 0
-116 -160 0
-146 -160 0
-26 -41 0
-26 -71 0
-26 -101 0
-26 -131 0
-26 -161 0
-56 -71 0
-56 -101 0
-56 -131 0
-56 -161 0
-86 -101 0
-86 -131 0
-86 -161 0
-116 -131 0
-116 -161 0
-146 -161 0
-26 -42 0
-26 -72 0
-26 -102 0
-26 -132 0
-26 -162 0
-56 -72 0
-56 -102 0
-56 -132 0
-56 -162 0
-86 -102 0
-86 -132 0
-86 -162 0
-116 -132 0
-116 -162 0
-146 -162 0
-26 -43 0
-26 -73 0
-26 -103 0
-26 -133 0
-26 -163 0
-56 -73 0
-56 -103 0
-56 -133 0
-56 -163 0
-86 -103 0
-86 -133 0
-86 -163 0
-116 -133 0
-116 -163 0
-146 -163 0
-26 -44 0
-26 -74 0
-26 -104 0
-26 -134 0
-26 -164 0
-56 -74 0
-56 -104 0
-56 -134 0
-56 -164 0
-86 -104 0
-86 -134 0
-86 -164 0
-116 -134 0
-116 -164 0
-146 -164 0
-26 -45 0
-26 -75 0
-26 -105 0
-26 -135 0
-26 -165 0
-56 -75 0
-56 -105 0
-56 -135 0
-56 -165 0
-86 -105 0
-86 -135 0
-86 -165 0
-116 -135 0
-116 -165 0
-146 -165 0
-26 -46 0
-26 -76 0
-26 -106 0
-26 -136 0
-26 -166 0
-56 -76 0
-56 -106 0
-56 -136 0
-56 -166 0
-86 -106 0
-86 -136 0
-86 -166 0
-116 -136 0
-116 -166 0
-146 -166 0
-26 -47 0
-26 -77 0
-26 -107 0
-26 -137 0
-26 -167 0
-56 -77 0
-56 -107 0
-56 -137 0
-56 -167 0
-86 -107 0
-86 -137 0
-86 -167 0
-116 -137 0
-116 -167 0
-146 -167 0
-26 -48 0
-26 -78 0
-26 -108 0
-26 -138 0
-26 -168 0
-56 -78 0
-56 -108 0
-56 -138 0
-56 -168 0
-86 -108 0
-86 -138 0
-86 -168 0
-116 -138 0
-116 -168 0
-146 -168 0
-26 -49 0
-26 -79 0
-26 -109 0
-26 -139 0
-26 -169 0
-56 -79 0
-56 -109 0
-56 -139 0
-56 -169 0
-86 -109 0
-86 -139 0
-86 -169 0
-116 -139 0
-116 -169 0
-146 -169 0
-26 -50 0
-26 -80 0
-26 -110 0
-26 -140 0
-26 -170 0
-56 -80 0
-56 -110 0
-56 -140 0
-56 -170 0
-86 -110 0
-86 -140 0
-86 -170 0
-116 -140 0
-116 -170 0
-146 -170 0
-26 -51 0
-26 -81 0
-26 -111 0
-26 -141 0
-26 -171 0
-56 -81 0
-56 -111 0
-56 -141 0
-56 -171 0
-86 -111 0
-86 -141 0
-86 -171 0
-116 -141 0
-116 -171 0
-146 -171 0
-26 -52 0
-26 -82 0
-26 -112 0
-26 -142 0
-26 -172 0
-56 -82 0
-56 -112 0
-56 -142 0
-56 -172 0
-86 -112 0
-86 -142 0
-86 -172 0
-116 -142 0
-116 -172 0
-146 -172 0
-26 -53 0
-26 -83 0
-26 -113 0
-26 -143 0
-26 -173 0
-56 -83 0
-56 -113 0
-56 -143 0
-56 -173 0
-86 -113 0
-86 -143 0
-86 -173 0
-116 -143 0
-116 -173 0
-146 -173 0
-26 -54 0
-26 -84 0
-26 -114 0
-26 -144 0
-26 -174 0
-56 -84 0
-56 -114 0
-56 -144 0
-56 -174 0
-86 -114 0
-86 -144 0
-86 -174 0
-116 -144 0
-116 -174 0
-146 -174 0
-26 -55 0
-26 -85 0
-26 -115 0
-26 -145 0
-26 -175 0
-56 -85 0
-56 -115 0
-56 -145 0
-56 -175 0
-86 -115 0
-86 -145 0
-86 -175 0
-116 -145 0
-116 -175 0
-146 -175 0
-26 -57 0
-26 -87 0
-26 -117 0
-26 -147 0
-26 -177 0
-56 -87 0
-56 -117 0
-56 -147 0
-56 -177 0
-86 -117 0
-86 -147 0
-86 -177 0
-116 -147 0
-116 -177 0
-146 -177 0
-26 -58 0
-26 -88 0
-26 -118 0
-26 -148 0
-26 -178 0
-56 -88 0
-56 -118 0
-56 -148 0
-56 -178 0
-86 -118 0
-86 -148 0
-86 -178 0
-116 -148 0
-116 -178 0
-146 -178 0
-26 -59 0
-26 -89 0
-26 -119 0
-26 -149 0
-26 -179 0
-56 -89 0
-56 -119 0
-56 -149 0
-56 -179 0
-86 -119 0
-86 -149 0
-86 -179 0
-116 -149 0
-116 -179 0
-146 -179 0
-26 -60 0
-26 -90 0
-26 -120 0
-26 -150 0
-26 -180 0
-56 -90 0
-56 -120 0
-56 -150 0
-56 -180 0
-86 -120 0
-86 -150 0
-86 -180 0
-116 -150 0
-116 -180 0
-146 -180 0
-27 -31 0
-27 -61 0
-27 -91 0
-27 -121 0
-27 -151 0
-57 -61 0
-57 -91 0
-57 -121 0
-57 -151 0
-87 -91 0
-87 -121 0
-87 -151 0
-117 -121 0
-117 -151 0
-147 -151 0
-27 -32 0
-27 -62 0
-27 -92 0
-27 -122 0
-27 -152 0
-57 -62 0
-57 -92 0
-57 -122 0
-57 -152 0
-87 -92 0
-87 -122 0
-87 -152 0
-117 -122 0
-117 -152 0
-147 -152 0
-27 -33 0
-27 -63 0
-27 -93 0
-27 -123 0
-27 -153 0
-57 -63 0
-57 -93 0
-57 -123 0
-57 -153 0
-87 -93 0
-87 -123 0
-87 -153 0
-117 -123 0
-117 -153 0
-147 -153 0
-27 -34 0
-27 -64 0
-27 -94 0
-27 -124 0
-27 -154 0
-57 -64 0
-57 -94 0
-57 -124 0
-57 -154 0
-87 -94 0
-87 -124 0
-87 -154 0
-117 -124 0
-117 -154 0
-147 -154 0
-27 -35 0
-27 -65 0
-27 -95 0
-27 -125 0
-27 -155 0
-57 -65 0
-57 -95 0
-57 -125 0
-57 -155 0
-87 -95 0
-87 -125 0
-87 -155 0
-117 -125 0
-117 -155 0
-147 -155 0
-27 -36 0
-27 -66 0
-27 -96 0
-27 -126 0
-27 -156 0
-57 -66 0
-57 -96 0
-57 -126 0
-57 -156 0
-87 -96 0
-87 -126 0
-87 -156 0
-117 -126 0
-117 -156 0
-147 -156 0
-27 -37 0
-27 -67 0
-27 -97 0
-27 -127 0
-27 -157 0
-57 -67 0
-57 -97 0
-57 -127 0
-57 -157 0
-87 -97 0
-87 -127 0
-87 -157 0
-117 -127 0
-117 -157 0
-147 -157 0
-27 -38 0
-27 -68 0
-27 -98 0
-27 -128 0
-27 -158 0
-57 -68 0
-57 -98 0
-57 -128 0
-57 -158 0
-87 -98 0
-87 -128 0
-87 -158 0
-117 -128 0
-117 -158 0
-147 -158 0
-27 -39 0
-27 -69 0
-27 -99 0
-27 -129 0
-27 -159 0
-57 -69 0
-57 -99 0
-57 -129 0
-57 -159 0
-87 -99 0
-87 -129 0
-87 -159 0
-117 -129 0
-117 -159 0
-147 -159 0
-27 -40 0
-27 -70 0
-27 -100 0
-27 -130 0
-27 -160 0
-57 -70 0
-57 -100 0
-57 -130 0
-57 -160 0
-87 -100 0
-87 -130 0
-87 -160 0
-117 -130 0
-117 -160 0
-147 -160 0
-27 -41 0
-27 -71 0
-27 -101 0
-27 -131 0
-27 -161 0
-57 -71 0
-57 -101 0
-57 -131 0
-57 -161 0
-87 -101 0
-87 -131 0
-87 -161 0
-117 -131 0
-117 -161 0
-147 -161 0
-27 -42 0
-27 -72 0
-27 -102 0
-27 -132 0
-27 -162 0
-57 -72 0
-57 -102 0
-57 -132 0
-57 -162 0
-87 -102 0
-87 -132 0
-87 -162 0
-117 -132 0
-117 -162 0
-147 -162 0
-27 -43 0
-27 -73 0
-27 -103 0
-27 -133 0
-27 -163 0
-57 -73 0
-57 -103 0
-57 -133 0
-57 -163 0
-87 -103 0
-87 -133 0
-87 -163 0
-117 -133 0
-117 -163 0
-147 -163 0
-27 -44 0
-27 -74 0
-27 -104 0
-27 -134 0
-27 -164 0
-57 -74 0
-57 -104 0
-57 -134 0
-57 -164 0
-87 -104 0
-87 -134 0
-87 -164 0
-117 -134 0
-117 -164 0
-147 -164 0
-27 -45 0
-27 -75 0
-27 -105 0
-27 -135 0
-27 -165 0
-57 -75 0
-57 -105 0
-57 -135 0
-57 -165 0
-87 -105 0
-87 -135 0
-87 -165 0
-117 -135 0
-117 -165 0
-147 -165 0
-27 -46 0
-27 -76 0
-27 -106 0
-27 -136 0
-27 -166 0
-57 -76 0
-57 -106 0
-57 -136 0
-57 -166 0
-87 -106 0
-87 -136 0
-87 -166 0
-117 -136 0
-117 -166 0
-147 -166 0
-27 -47 0
-27 -77 0
-27 -107 0
-27 -137 0
-27 -167 0
-57 -77 0
-57 -107 0
-57 -137 0
-57 -167 0
-87 -107 0
-87 -137 0
-87 -167 0
-117 -137 0
-117 -167 0
-147 -167 0
-27 -48 0
-27 -78 0
-27 -108 0
-27 -138 0
-27 -168 0
-57 -78 0
-57 -108 0
-57 -138 0
-57 -168 0
-87 -108 0
-87 -138 0
-87 -168 0
-117 -138 0
-117 -168 0
-147 -168 0
-27 -49 0
-27 -79 0
-27 -109 0
-27 -139 0
-27 -169 0
-57 -79 0
-57 -109 0
-57 -139 0
-57 -169 0
-87 -109 0
-87 -139 0
-87 -169 0
-117 -139 0
-117 -169 0
-147 -169 0
-27 -50 0
-27 -80 0
-27 -110 0
-27 -140 0
-27 -170 0
-57 -80 0
-57 -110 0
-57 -140 0
-57 -170 0
-87 -110 0
-87 -140 0
-87 -170 0
-117 -140 0
-117 -170 0
-147 -170 0
-27 -51 0
-27 -81 0
-27 -111 0
-27 -141 0
-27 -171 0
-57 -81 0
-57 -111 0
-57 -141 0
-57 -171 0
-87 -111 0
-87 -141 0
-87 -171 0
-117 -141 0
-117 -171 0
-147 -171 0
-27 -52 0
-27 -82 0
-27 -112 0
-27 -142 0
-27 -172 0
-57 -82 0
-57 -112 0
-57 -142 0
-57 -172 0
-87 -112 0
-87 -142 0
-87 -172 0
-117 -142 0
-117 -172 0
-147 -172 0
-27 -53 0
-27 -83 0
-27 -113 0
-27 -143 0
-27 -173 0
-57 -83 0
-57 -113 0
-57 -143 0
-57 -173 0
-87 -113 0
-87 -143 0
-87 -173 0
-117 -143 0
-117 -173 0
-147 -173 0
-27 -54 0
-27 -84 0
-27 -114 0
-27 -144 0
-27 -174 0
-57 -84 0
-57 -114 0
-57 -144 0
-57 -174 0
-87 -114 0
-87 -144 0
-87 -174 0
-117 -144 0
-117 -174 0
-147 -174 0
-27 -55 0
-27 -85 0
-27 -115 0
-27 -145 0
-27 -175 0
-57 -85 0
-57 -115 0
-57 -145 0
-57 -175 0
-87 -115 0
-87 -145 0
-87 -175 0
-117 -145 0
-117 -175 0
-147 -175 0
-27 -56 0
-27 -86 0
-27 -116 0
-27 -146 0
-27 -176 0
-57 -86 0
-57 -116 0
-57 -146 0
-57 -176 0
-87 -116 0
-87 -146 0
-87 -176 0
-117 -146 0
-117 -176 0
-147 -176 0
-27 -58 0
-27 -88 0
-27 -118 0
-27 -148 0
-27 -178 0
-57 -88 0
-57 -118 0
-57 -148 0
-57 -178 0
-87 -118 0
-87 -148 0
-87 -178 0
-117 -148 0
-117 -178 0
-147 -178 0
-27 -59 0
-27 -89 0
-27 -119 0
-27 -149 0
-27 -179 0
-57 -89 0
-57 -119 0
-57 -149 0
-57 -179 0
-87 -119 0
-87 -149 0
-87 -179 0
-117 -149 0
-117 -179 0
-147 -179 0
-27 -60 0
-27 -90 0
-27 -120 0
-27 -150 0
-27 -180 0
-57 -90 0
-57 -120 0
-57 -150 0
-57 -180 0
-87 -120 0
-87 -150 0
-87 -180 0
-117 -150 0
-117 -180 0
-147 -180 0
-28 -31 0
-28 -61 0
-28 -91 0
-28 -121 0
-28 -151 0
-58 -61 0
-58 -91 0
-58 -121 0
-58 -151 0
-88 -91 0
-88 -121 0
-88 -151 0
-118 -121 0
-118 -151 0
-148 -151 0
-28 -32 0
-28 -62 0
-28 -92 0
-28 -122 0
-28 -152 0
-58 -62 0
-58 -92 0
-58 -122 0
-58 -152 0
-88 -92 0
-88 -122 0
-88 -152 0
-118 -122 0
-118 -152 0
-148 -152 0
-28 -33 0
-28 -63 0
-28 -93 0
-28 -123 0
-28 -153 0
-58 -63 0
-58 -93 0
-58 -123 0
-58 -153 0
-88 -93 0
-88 -123 0
-88 -153 0
-118 -123 0
-118 -153 0
-148 -153 0
-28 -34 0
-28 -64 0
-28 -94 0
-28 -124 0
-28 -154 0
-58 -64 0
-58 -94 0
-58 -124 0
-58 -154 0
-88 -94 0
-88 -124 0
-88 -154 0
-118 -124 0
-118 -154 0
-148 -154 0
-28 -35 0
-28 -65 0
-28 -95 0
-28 -125 0
-28 -155 0
-58 -65 0
-58 -95 0
-58 -125 0
-58 -155 0
-88 -95 0
-88 -125 0
-88 -155 0
-118 -125 0
-118 -155 0
-148 -155 0
-28 -36 0
-28 -66 0
-28 -96 0
-28 -126 0
-28 -156 0
-58 -66 0
-58 -96 0
-58 -126 0
-58 -156 0
-88 -96 0
-88 -126 0
-88 -156 0
-118 -126 0
-118 -156 0
-148 -156 0
-28 -37 0
-28 -67 0
-28 -97 0
-28 -127 0
-28 -157 0
-58 -67 0
-58 -97 0
-58 -127 0
-58 -157 0
-88 -97 0
-88 -127 0
-88 -157 0
-118 -127 0
-118 -157 0
-148 -157 0
-28 -38 0
-28 -68 0
-28 -98 0
-28 -128 0
-28 -158 0
-58 -68 0
-58 -98 0
-58 -128 0
-58 -158 0
-88 -98 0
-88 -128 0
-88 -158 0
-118 -128 0
-118 -158 0
-148 -158 0
-28 -39 0
-28 -69 0
-28 -99 0
-28 -129 0
-28 -159 0
-58 -69 0
-58 -99 0
-58 -129 0
-58 -159 0
-88 -99 0
-88 -129 0
-88 -159 0
-118 -129 0
-118 -159 0
-148 -159 0
-28 -40 0
-28 -70 0
-28 -100 0
-28 -130 0
-28 -160 0
-58 -70 0
-58 -100 0
-58 -130 0
-58 -160 0
-88 -100 0
-88 -130 0
-88 -160 0
-118 -130 0
-118 -160 0
-148 -160 0
-28 -41 0
-28 -71 0
-28 -101 0
-28 -131 0
-28 -161 0
-58 -71 0
-58 -101 0
-58 -131 0
-58 -161 0
-88 -101 0
-88 -131 0
-88 -161 0
-118 -131 0
-118 -161 0
-148 -161 0
-28 -42 0
-28 -72 0
-28 -102 0
-28 -132 0
-28 -162 0
-58 -72 0
-58 -102 0
-58 -132 0
-58 -162 0
-88 -102 0
-88 -132 0
-88 -162 0
-118 -132 0
-118 -162 0
-148 -162 0
-28 -43 0
-28 -73 0
-28 -103 0
-28 -133 0
-28 -163 0
-58 -73 0
-58 -103 0
-58 -133 0
-58 -163 0
-88 -103 0
-88 -133 0
-88 -163 0
-118 -133 0
-118 -163 0
-148 -163 0
-28 -44 0
-28 -74 0
-28 -104 0
-28 -134 0
-28 -164 0
-58 -74 0
-58 -104 0
-58 -134 0
-58 -164 0
-88 -104 0
-88 -134 0
-88 -164 0
-118 -134 0
-118 -164 0
-148 -164 0
-28 -45 0
-28 -75 0
-28 -105 0
-28 -135 0
-28 -165 0
-58 -75 0
-58 -105 0
-58 -135 0
-58 -165 0
-88 -105 0
-88 -135 0
-88 -165 0
-118 -135 0
-118 -165 0
-148 -165 0
-28 -46 0
-28 -76 0
-28 -106 0
-28 -136 0
-28 -166 0
-58 -76 0
-58 -106 0
-58 -136 0
-58 -166 0
-88 -106 0
-88 -136 0
-88 -166 0
-118 -136 0
-118 -166 0
-148 -166 0
-28 -47 0
-28 -77 0
-28 -107 0
-28 -137 0
-28 -167 0
-58 -77 0
-58 -107 0
-58 -137 0
-58 -167 0
-88 -107 0
-88 -137 0
-88 -167 0
-118 -137 0
-118 -167 0
-148 -167 0
-28 -48 0
-28 -78 0
-28 -108 0
-28 -138 0
-28 -168 0
-58 -78 0
-58 -108 0
-58 -138 0
-58 -168 0
-88 -108 0
-88 -138 0
-88 -168 0
-118 -138 0
-118 -168 0
-148 -168 0
-28 -49 0
-28 -79 0
-28 -109 0
-28 -139 0
-28 -169 0
-58 -79 0
-58 -109 0
-58 -139 0
-58 -169 0
-88 -109 0
-88 -139 0
-88 -169 0
-118 -139 0
-118 -169 0
-148 -169 0
-28 -50 0
-28 -80 0
-28 -110 0
-28 -140 0
-28 -170 0
-58 -80 0
-58 -110 0
-58 -140 0
-58 -170 0
-88 -110 0
-88 -140 0
-88 -170 0
-118 -140 0
-118 -170 0
-148 -170 0
-28 -51 0
-28 -81 0
-28 -111 0
-28 -141 0
-28 -171 0
-58 -81 0
-58 -111 0
-58 -141 0
-58 -171 0
-88 -111 0
-88 -141 0
-88 -171 0
-118 -141 0
-118 -171 0
-148 -171 0
-28 -52 0
-28 -82 0
-28 -112 0
-28 -142 0
-28 -172 0
-58 -82 0
-58 -112 0
-58 -142 0
-58 -172 0
-88 -112 0
-88 -142 0
-88 -172 0
-118 -142 0
-118 -172 0
-148 -172 0
-28 -53 0
-28 -83 0
-28 -113 0
-28 -143 0
-28 -173 0
-58 -83 0
-58 -113 0
-58 -143 0
-58 -173 0
-88 -113 0
-88 -143 0
-88 -173 0
-118 -143 0
-118 -173 0
-148 -173 0
-28 -54 0
-28 -84 0
-28 -114 0
-28 -144 0
-28 -174 0
-58 -84 0
-58 -114 0
-58 -144 0
-58 -174 0
-88 -114 0
-88 -144 0
-88 -174 0
-118 -144 0
-118 -174 0
-148 -174 0
-28 -55 0
-28 -85 0
-28 -115 0
-28 -145 0
-28 -175 0
-58 -85 0
-58 -115 0
-58 -145 0
-58 -175 0
-88 -115 0
-88 -145 0
-88 -175 0
-118 -145 0
-118 -175 0
-148 -175 0
-28 -56 0
-28 -86 0
-28 -116 0
-28 -146 0
-28 -176 0
-58 -86 0
-58 -116 0
-58 -146 0
-58 -176 0
-88 -116 0
-88 -146 0
-88 -176 0
-118 -146 0
-118 -176 0
-148 -176 0
-28 -57 0
-28 -87 0
-28 -117 0
-28 -147 0
-28 -177 0
-58 -87 0
-58 -117 0
-58 -147 0
-58 -177 0
-88 -117 0
-88 -147 0
-88 -177 0
-118 -147 0
-118 -177 0
-148 -177 0
-28 -59 0
-28 -89 0
-28 -119 0
-28 -149 0
-28 -179 0
-58 -89 0
-58 -119 0
-58 -149 0
-58 -179 0
-88 -119 0
-88 -149 0
-88 -179 0
-118 -149 0
-118 -179 0
-148 -179 0
-28 -60 0
-28 -90 0
-28 -120 0
-28 -150 0
-28 -180 0
-58 -90 0
-58 -120 0
-58 -150 0
-58 -180 0
-88 -120 0
-88 -150 0
-88 -180 0
-118 -150 0
-118 -180 0
-148 -180 0
-29 -31 0
-29 -61 0
-29 -91 0
-29 -121 0
-29 -151 0
-59 -61 0
-59 -91 0
-59 -121 0
-59 -151 0
-89 -91 0
-89 -121 0
-89 -151 0
-119 -121 0
-119 -151 0
-149 -151 0
-29 -32 0
-29 -62 0
-29 -92 0
-29 -122 0
-29 -152 0
-59 -62 0
-59 -92 0
-59 -122 0
-59 -152 0
-89 -92 0
-89 -122 0
-89 -152 0
-119 -122 0
-119 -152 0
-149 -152 0
-29 -33 0
-29 -63 0
-29 -93 0
-29 -123 0
-29 -153 0
-59 -63 0
-59 -93 0
-59 -123 0
-59 -153 0
-89 -93 0
-89 -123 0
-89 -153 0
-119 -123 0
-119 -153 0
-149 -153 0
-29 -34 0
-29 -64 0
-29 -94 0
-29 -124 0
-29 -154 0
-59 -64 0
-59 -94 0
-59 -124 0
-59 -154 0
-89 -94 0
-89 -124 0
-89 -154 0
-119 -124 0
-119 -154 0
-149 -154 0
-29 -35 0
-29 -65 0
-29 -95 0
-29 -125 0
-29 -155 0
-59 -65 0
-59 -95 0
-59 -125 0
-59 -155 0
-89 -95 0
-89 -125 0
-89 -155 0
-119 -125 0
-119 -155 0
-149 -155 0
-29 -36 0
-29 -66 0
-29 -96 0
-29 -126 0
-29 -156 0
-59 -66 0
-59 -96 0
-59 -126 0
-59 -156 0
-89 -96 0
-89 -126 0
-89 -156 0
-119 -126 0
-119 -156 0
-149 -156 0
-29 -37 0
-29 -67 0
-29 -97 0
-29 -127 0
-29 -157 0
-59 -67 0
-59 -97 0
-59 -127 0
-59 -157 0
-89 -97 0
-89 -127 0
-89 -157 0
-119 -127 0
-119 -157 0
-149 -157 0
-29 -38 0
-29 -68 0
-29 -98 0
-29 -128 0
-29 -158 0
-59 -68 0
-59 -98 0
-59 -128 0
-59 -158 0
-89 -98 0
-89 -128 0
-89 -158 0
-119 -128 0
-119 -158 0
-149 -158 0
-29 -39 0
-29 -69 0
-29 -99 0
-29 -129 0
-29 -159 0
-59 -69 0
-59 -99 0
-59 -129 0
-59 -159 0
-89 -99 0
-89 -129 0
-89 -159 0
-119 -129 0
-119 -159 0
-149 -159 0
-29 -40 0
-29 -70 0
-29 -100 0
-29 -130 0
-29 -160 0
-59 -70 0
-59 -100 0
-59 -130 0
-59 -160 0
-89 -100 0
-89 -130 0
-89 -160 0
-119 -130 0
-119 -160 0
-149 -160 0
-29 -41 0
-29 -71 0
-29 -101 0
-29 -131 0
-29 -161 0
-59 -71 0
-59 -101 0
-59 -131 0
-59 -161 0
-89 -101 0
-89 -131 0
-89 -161 0
-119 -131 0
-119 -161 0
-149 -161 0
-29 -42 0
-29 -72 0
-29 -102 0
-29 -132 0
-29 -162 0
-59 -72 0
-59 -102 0
-59 -132 0
-59 -162 0
-89 -102 0
-89 -132 0
-89 -162 0
-119 -132 0
-119 -162 0
-149 -162 0
-29 -43 0
-29 -73 0
-29 -103 0
-29 -133 0
-29 -163 0
-59 -73 0
-59 -103 0
-59 -133 0
-59 -163 0
-89 -103 0
-89 -133 0
-89 -163 0
-119 -133 0
-119 -163 0
-149 -163 0
-29 -44 0
-29 -74 0
-29 -104 0
-29 -134 0
-29 -164 0
-59 -74 0
-59 -104 0
-59 -134 0
-59 -164 0
-89 -104 0
-89 -134 0
-89 -164 0
-119 -134 0
-119 -164 0
-149 -164 0
-29 -45 0
-29 -75 0
-29 -105 0
-29 -135 0
-29 -165 0
-59 -75 0
-59 -105 0
-59 -135 0
-59 -165 0
-89 -105 0
-89 -135 0
-89 -165 0
-119 -135 0
-119 -165 0
-149 -165 0
-29 -46 0
-29 -76 0
-29 -106 0
-29 -136 0
-29 -166 0
-59 -76 0
-59 -106 0
-59 -136 0
-59 -166 0
-89 -106 0
-89 -136 0
-89 -166 0
-119 -136 0
-119 -166 0
-149 -166 0
-29 -47 0
-29 -77 0
-29 -107 0
-29 -137 0
-29 -167 0
-59 -77 0
-59 -107 0
-59 -137 0
-59 -167 0
-89 -107 0
-89 -137 0
-89 -167 0
-119 -137 0
-119 -167 0
-149 -167 0
-29 -48 0
-29 -78 0
-29 -108 0
-29 -138 0
-29 -168 0
-59 -78 0
-59 -108 0
-59 -138 0
-59 -168 0
-89 -108 0
-89 -138 0
-89 -168 0
-119 -138 0
-119 -168 0
-149 -168 0
-29 -49 0
-29 -79 0
-29 -109 0
-29 -139 0
-29 -169 0
-59 -79 0
-59 -109 0
-59 -139 0
-59 -169 0
-89 -109 0
-89 -139 0
-89 -169 0
-119 -139 0
-119 -169 0
-149 -169 0
-29 -50 0
-29 -80 0
-29 -110 0
-29 -140 0
-29 -170 0
-59 -80 0
-59 -110 0
-59 -140 0
-59 -170 0
-89 -110 0
-89 -140 0
-89 -170 0
-119 -140 0
-119 -170 0
-149 -170 0
-29 -51 0
-29 -81 0
-29 -111 0
-29 -141 0
-29 -171 0
-59 -81 0
-59 -111 0
-59 -141 0
-59 -171 0
-89 -111 0
-89 -141 0
-89 -171 0
-119 -141 0
-119 -171 0
-149 -171 0
-29 -52 0
-29 -82 0
-29 -112 0
-29 -142 0
-29 -172 0
-59 -82 0
-59 -112 0
-59 -142 0
-59 -172 0
-89 -112 0
-89 -142 0
-89 -172 0
-119 -142 0
-119 -172 0
-149 -172 0
-29 -53 0
-29 -83 0
-29 -113 0
-29 -143 0
-29 -173 0
-59 -83 0
-59 -113 0
-59 -143 0
-59 -173 0
-89 -113 0
-89 -143 0
-89 -173 0
-119 -143 0
-119 -173 0
-149 -173 0
-29 -54 0
-29 -84 0
-29 -114 0
-29 -144 0
-29 -174 0
-59 -84 0
-59 -114 0
-59 -144 0
-59 -174 0
-89 -114 0
-89 -144 0
-89 -174 0
-119 -144 0
-119 -174 0
-149 -174 0
-29 -55 0
-29 -85 0
-29 -115 0
-29 -145 0
-29 -175 0
-59 -85 0
-59 -115 0
-59 -145 0
-59 -175 0
-89 -115 0
-89 -145 0
-89 -175 0
-119 -145 0
-119 -175 0
-149 -175 0
-29 -56 0
-29 -86 0
-29 -116 0
-29 -146 0
-29 -176 0
-59 -86 0
-59 -116 0
-59 -146 0
-59 -176 0
-89 -116 0
-89 -146 0
-89 -176 0
-119 -146 0
-119 -176 0
-149 -176 0
-29 -57 0
-29 -87 0
-29 -117 0
-29 -147 0
-29 -177 0
-59 -87 0
-59 -117 0
-59 -147 0
-59 -177 0
-89 -117 0
-89 -147 0
-89 -177 0
-119 -147 0
-119 -177 0
-149 -177 0
-29 -58 0
-29 -88 0
-29 -118 0
-29 -148 0
-29 -178 0
-59 -88 0
-59 -118 0
-59 -148 0
-59 -178 0
-89 -118 0
-89 -148 0
-89 -178 0
-119 -148 0
-119 -178 0
-149 -178 0
-29 -60 0
-29 -90 0
-29 -120 0
-29 -150 0
-29 -180 0
-59 -90 0
-59 -120 0
-59 -150 0
-59 -180 0
-89 -120 0
-89 -150 0
-89 -180 0
-119 -150 0
-119 -180 0
-149 -180 0
-30 -31 0
-30 -61 0
-30 -91 0
-30 -121 0
-30 -151 0
-60 -61 0
-60 -91 0
-60 -121 0
-60 -151 0
-90 -91 0
-90 -121 0
-90 -151 0
-120 -121 0
-120 -151 0
-150 -151 0
-30 -32 0
-30 -62 0
-30 -92 0
-30 -122 0
-30 -152 0
-60 -62 0
-60 -92 0
-60 -122 0
-60 -152 0
-90 -92 0
-90 -122 0
-90 -152 0
-120 -122 0
-120 -152 0
-150 -152 0
-30 -33 0
-30 -63 0
-30 -93 0
-30 -123 0
-30 -153 0
-60 -63 0
-60 -93 0
-60 -123 0
-60 -153 0
-90 -93 0
-90 -123 0
-90 -153 0
-120 -123 0
-120 -153 0
-150 -153 0
-30 -34 0
-30 -64 0
-30 -94 0
-30 -124 0
-30 -154 0
-60 -64 0
-60 -94 0
-60 -124 0
-60 -154 0
-90 -94 0
-90 -124 0
-90 -154 0
-120 -124 0
-120 -154 0
-150 -154 0
-30 -35 0
-30 -65 0
-30 -95 0
-30 -125 0
-30 -155 0
-60 -65 0
-60 -95 0
-60 -125 0
-60 -155 0
-90 -95 0
-90 -125 0
-90 -155 0
-120 -125 0
-120 -155 0
-150 -155 0
-30 -36 0
-30 -66 0
-30 -96 0
-30 -126 0
-30 -156 0
-60 -66 0
-60 -96 0
-60 -126 0
-60 -156 0
-90 -96 0
-90 -126 0
-90 -156 0
-120 -126 0
-120 -156 0
-150 -156 0
-30 -37 0
-30 -67 0
-30 -97 0
-30 -127 0
-30 -157 0
-60 -67 0
-60 -97 0
-60 -127 0
-60 -157 0
-90 -97 0
-90 -127 0
-90 -157 0
-120 -127 0
-120 -157 0
-150 -157 0
-30 -38 0
-30 -68 0
-30 -98 0
-30 -128 0
-30 -158 0
-60 -68 0
-60 -98 0
-60 -128 0
-60 -158 0
-90 -98 0
-90 -128 0
-90 -158 0
-120 -128 0
-120 -158 0
-150 -158 0
-30 -39 0
-30 -69 0
-30 -99 0
-30 -129 0
-30 -159 0
-60 -69 0
-60 -99 0
-60 -129 0
-60 -159 0
-90 -99 0
-90 -129 0
-90 -159 0
-120 -129 0
-120 -159 0
-150 -159 0
-30 -40 0
-30 -70 0
-30 -100 0
-30 -130 0
-30 -160 0
-60 -70 0
-60 -100 0
-60 -130 0
-60 -160 0
-90 -100 0
-90 -130 0
-90 -160 0
-120 -130 0
-120 -160 0
-150 -160 0
-30 -41 0
-30 -71 0
-30 -101 0
-30 -131 0
-30 -161 0
-60 -71 0
-60 -101 0
-60 -131 0
-60 -161 0
-90 -101 0
-90 -131 0
-90 -161 0
-120 -131 0
-120 -161 0
-150 -161 0
-30 -42 0
-30 -72 0
-30 -102 0
-30 -132 0
-30 -162 0
-60 -72 0
-60 -102 0
-60 -132 0
-60 -162 0
-90 -102 0
-90 -132 0
-90 -162 0
-120 -132 0
-120 -162 0
-150 -162 0
-30 -43 0
-30 -73 0
-30 -103 0
-30 -133 0
-30 -163 0
-60 -73 0
-60 -103 0
-60 -133 0
-60 -163 0
-90 -103 0
-90 -133 0
-90 -163 0
-120 -133 0
-120 -163 0
-150 -163 0
-30 -44 0
-30 -74 0
-30 -104 0
-30 -134 0
-30 -164 0
-60 -74 0
-60 -104 0
-60 -134 0
-60 -164 0
-90 -104 0
-90 -134 0
-90 -164 0
-120 -134 0
-120 -164 0
-150 -164 0
-30 -45 0
-30 -75 0
-30 -105 0
-30 -135 0
-30 -165 0
-60 -75 0
-60 -105 0
-60 -135 0
-60 -165 0
-90 -105 0
-90 -135 0
-90 -165 0
-120 -135 0
-120 -165 0
-150 -165 0
-30 -46 0
-30 -76 0
-30 -106 0
-30 -136 0
-30 -166 0
-60 -76 0
-60 -106 0
-60 -136 0
-60 -166 0
-90 -106 0
-90 -136 0
-90 -166 0
-120 -136 0
-120 -166 0
-150 -166 0
-30 -47 0
-30 -77 0
-30 -107 0
-30 -137 0
-30 -167 0
-60 -77 0
-60 -107 0
-60 -137 0
-60 -167 0
-90 -107 0
-90 -137 0
-90 -167 0
-120 -137 0
-120 -167 0
-150 -167 0
-30 -48 0
-30 -78 0
-30 -108 0
-30 -138 0
-30 -168 0
-60 -78 0
-60 -108 0
-60 -138 0
-60 -168 0
-90 -108 0
-90 -138 0
-90 -168 0
-120 -138 0
-120 -168 0
-150 -168 0
-30 -49 0
-30 -79 0
-30 -109 0
-30 -139 0
-30 -169 0
-60 -79 0
-60 -109 0
-60 -139 0
-60 -169 0
-90 -109 0
-90 -139 0
-90 -169 0
-120 -139 0
-120 -169 0
-150 -169 0
-30 -50 0
-30 -80 0
-30 -110 0
-30 -140 0
-30 -170 0
-60 -80 0
-60 -110 0
-60 -140 0
-60 -170 0
-90 -110 0
-90 -140 0
-90 -170 0
-120 -140 0
-120 -170 0
-150 -170 0
-30 -51 0
-30 -81 0
-30 -111 0
-30 -141 0
-30 -171 0
-60 -81 0
-60 -111 0
-60 -141 0
-60 -171 0
-90 -111 0
-90 -141 0
-90 -171 0
-120 -141 0
-120 -171 0
-150 -171 0
-30 -52 0
-30 -82 0
-30 -112 0
-30 -142 0
-30 -172 0
-60 -82 0
-60 -112 0
-60 -142 0
-60 -172 0
-90 -112 0
-90 -142 0
-90 -172 0
-120 -142 0
-120 -172 0
-150 -172 0
-30 -53 0
-30 -83 0
-30 -113 0
-30 -143 0
-30 -173 0
-60 -83 0
-60 -113 0
-60 -143 0
-60 -173 0
-90 -113 0
-90 -143 0
-90 -173 0
-120 -143 0
-120 -173 0
-150 -173 0
-30 -54 0
-30 -84 0
-30 -114 0
-30 -144 0
-30 -174 0
-60 -84 0
-60 -114 0
-60 -144 0
-60 -174 0
-90 -114 0
-90 -144 0
-90 -174 0
-120 -144 0
-120 -174 0
-150 -174 0
-30 -55 0
-30 -85 0
-30 -115 0
-30 -145 0
-30 -175 0
-60 -85 0
-60 -115 0
-60 -145 0
-60 -175 0
-90 -115 0
-90 -145 0
-90 -175 0
-120 -145 0
-120 -175 0
-150 -175 0
-30 -56 0
-30 -86 0
-30 -116 0
-30 -146 0
-30 -176 0
-60 -86 0
-60 -116 0
-60 -146 0
-60 -176 0
-90 -116 0
-90 -146 0
-90 -176 0
-120 -146 0
-120 -176 0
-150 -176 0
-30 -57 0
-30 -87 0
-30 -117 0
-30 -147 0
-30 -177 0
-60 -87 0
-60 -117 0
-60 -147 0
-60 -177 0
-90 -117 0
-90 -147 0
-90 -177 0
-120 -147 0
-120 -177 0
-150 -177 0
-30 -58 0
-30 -88 0
-30 -118 0
-30 -148 0
-30 -178 0
-60 -88 0
-60 -118 0
-60 -148 0
-60 -178 0
-90 -118 0
-90 -148 0
-90 -178 0
-120 -148 0
-120 -178 0
-150 -178 0
-30 -59 0
-30 -89 0
-30 -119 0
-30 -149 0
-30 -179 0
-60 -89 0
-60 -119 0
-60 -149 0
-60 -179 0
-90 -119 0
-90 -149 0
-90 -179 0
-120 -149 0
-120 -179 0
-150 -179 0
